<?xml version="1.0" encoding="UTF-8"?>
<testsuite xmlns:xsi="http://www.w3.org/2001/XMLSchema-instance" xsi:noNamespaceSchemaLocation="https://maven.apache.org/surefire/maven-surefire-plugin/xsd/surefire-test-report-3.0.xsd" version="3.0" name="io.confluent.connect.http.unit.FieldEncryptionManagerTest" time="0.103" tests="8" errors="0" skipped="0" failures="0">
  <properties>
[...]
</properties>
  <testcase name="shouldHandleNestedFieldEncryption" classname="io.confluent.connect.http.unit.FieldEncryptionManagerTest" time="0.081">
    <system-out><![CDATA[14:39:22.470 [main] INFO io.confluent.connect.http.config.HttpSourceConnectorConfig -- HttpSourceConnectorConfig values: 
	adaptive.polling.enabled = true
	api.chaining.parent.child.relationship = 
	api.key.location = HEADER
	api.key.name = X-API-KEY
	api.key.value = null
	apis.num = 1
	auth.type = NONE
	bearer.token = null
	behavior.on.error = FAIL
	circuit.breaker.failure.threshold = 5
	circuit.breaker.recovery.time.ms = 30000
	circuit.breaker.timeout.ms = 60000
	connection.password = null
	connection.user = null
	field.encryption.enabled = true
	field.encryption.key = [hidden]
	field.encryption.rules = ssn:AES_GCM,salary:DETERMINISTIC,notes:RANDOM
	http.api.base.url = http://localhost:8080
	http.proxy.host = null
	http.proxy.password = null
	http.proxy.port = null
	http.proxy.user = null
	https.ssl.enabled = false
	https.ssl.protocol = TLSv1.3
	max.cache.size = 1000
	oauth2.client.auth.mode = HEADER
	oauth2.client.id = null
	oauth2.client.scope = any
	oauth2.client.secret = null
	oauth2.token.property = access_token
	oauth2.token.refresh.interval.minutes = 30
	oauth2.token.url = null
	output.data.format = JSON_SR
	report.errors.as = Error string
	reporter.error.topic.name = error-${connector}
	response.cache.ttl.ms = 300000
	response.caching.enabled = true
	schema.context.name = default
	tasks.max = 1
	value.subject.name.strategy = TopicNameStrategy

14:39:22.472 [main] DEBUG io.confluent.connect.http.config.HttpSourceConnectorConfig -- Validating HttpSourceConnectorConfig
14:39:22.472 [main] DEBUG io.confluent.connect.http.config.HttpSourceConnectorConfig -- HttpSourceConnectorConfig validation completed
14:39:22.490 [main] DEBUG io.confluent.connect.http.encryption.FieldEncryptionManager -- Configured field encryption: ssn -> AES_GCM
14:39:22.491 [main] DEBUG io.confluent.connect.http.encryption.FieldEncryptionManager -- Configured field encryption: salary -> DETERMINISTIC
14:39:22.491 [main] DEBUG io.confluent.connect.http.encryption.FieldEncryptionManager -- Configured field encryption: notes -> RANDOM
14:39:22.491 [main] INFO io.confluent.connect.http.encryption.FieldEncryptionManager -- Field-level encryption enabled with 3 encryption rules
14:39:22.492 [main] INFO io.confluent.connect.http.config.HttpSourceConnectorConfig -- HttpSourceConnectorConfig values: 
	adaptive.polling.enabled = true
	api.chaining.parent.child.relationship = 
	api.key.location = HEADER
	api.key.name = X-API-KEY
	api.key.value = null
	apis.num = 1
	auth.type = NONE
	bearer.token = null
	behavior.on.error = FAIL
	circuit.breaker.failure.threshold = 5
	circuit.breaker.recovery.time.ms = 30000
	circuit.breaker.timeout.ms = 60000
	connection.password = null
	connection.user = null
	field.encryption.enabled = true
	field.encryption.key = [hidden]
	field.encryption.rules = user.ssn:AES_GCM,user.address.street:DETERMINISTIC
	http.api.base.url = http://localhost:8080
	http.proxy.host = null
	http.proxy.password = null
	http.proxy.port = null
	http.proxy.user = null
	https.ssl.enabled = false
	https.ssl.protocol = TLSv1.3
	max.cache.size = 1000
	oauth2.client.auth.mode = HEADER
	oauth2.client.id = null
	oauth2.client.scope = any
	oauth2.client.secret = null
	oauth2.token.property = access_token
	oauth2.token.refresh.interval.minutes = 30
	oauth2.token.url = null
	output.data.format = JSON_SR
	report.errors.as = Error string
	reporter.error.topic.name = error-${connector}
	response.cache.ttl.ms = 300000
	response.caching.enabled = true
	schema.context.name = default
	tasks.max = 1
	value.subject.name.strategy = TopicNameStrategy

14:39:22.492 [main] DEBUG io.confluent.connect.http.config.HttpSourceConnectorConfig -- Validating HttpSourceConnectorConfig
14:39:22.492 [main] DEBUG io.confluent.connect.http.config.HttpSourceConnectorConfig -- HttpSourceConnectorConfig validation completed
14:39:22.492 [main] DEBUG io.confluent.connect.http.encryption.FieldEncryptionManager -- Configured field encryption: user.ssn -> AES_GCM
14:39:22.492 [main] DEBUG io.confluent.connect.http.encryption.FieldEncryptionManager -- Configured field encryption: user.address.street -> DETERMINISTIC
14:39:22.492 [main] INFO io.confluent.connect.http.encryption.FieldEncryptionManager -- Field-level encryption enabled with 2 encryption rules
14:39:22.492 [main] DEBUG io.confluent.connect.http.encryption.FieldEncryptionManager -- Attempting to encrypt fields for API: api1 with 2 rules
]]></system-out>
  </testcase>
  <testcase name="shouldHandleDisabledEncryption" classname="io.confluent.connect.http.unit.FieldEncryptionManagerTest" time="0.001">
    <system-out><![CDATA[14:39:22.523 [main] INFO io.confluent.connect.http.config.HttpSourceConnectorConfig -- HttpSourceConnectorConfig values: 
	adaptive.polling.enabled = true
	api.chaining.parent.child.relationship = 
	api.key.location = HEADER
	api.key.name = X-API-KEY
	api.key.value = null
	apis.num = 1
	auth.type = NONE
	bearer.token = null
	behavior.on.error = FAIL
	circuit.breaker.failure.threshold = 5
	circuit.breaker.recovery.time.ms = 30000
	circuit.breaker.timeout.ms = 60000
	connection.password = null
	connection.user = null
	field.encryption.enabled = true
	field.encryption.key = [hidden]
	field.encryption.rules = ssn:AES_GCM,salary:DETERMINISTIC,notes:RANDOM
	http.api.base.url = http://localhost:8080
	http.proxy.host = null
	http.proxy.password = null
	http.proxy.port = null
	http.proxy.user = null
	https.ssl.enabled = false
	https.ssl.protocol = TLSv1.3
	max.cache.size = 1000
	oauth2.client.auth.mode = HEADER
	oauth2.client.id = null
	oauth2.client.scope = any
	oauth2.client.secret = null
	oauth2.token.property = access_token
	oauth2.token.refresh.interval.minutes = 30
	oauth2.token.url = null
	output.data.format = JSON_SR
	report.errors.as = Error string
	reporter.error.topic.name = error-${connector}
	response.cache.ttl.ms = 300000
	response.caching.enabled = true
	schema.context.name = default
	tasks.max = 1
	value.subject.name.strategy = TopicNameStrategy

14:39:22.524 [main] DEBUG io.confluent.connect.http.config.HttpSourceConnectorConfig -- Validating HttpSourceConnectorConfig
14:39:22.524 [main] DEBUG io.confluent.connect.http.config.HttpSourceConnectorConfig -- HttpSourceConnectorConfig validation completed
14:39:22.524 [main] DEBUG io.confluent.connect.http.encryption.FieldEncryptionManager -- Configured field encryption: ssn -> AES_GCM
14:39:22.524 [main] DEBUG io.confluent.connect.http.encryption.FieldEncryptionManager -- Configured field encryption: salary -> DETERMINISTIC
14:39:22.524 [main] DEBUG io.confluent.connect.http.encryption.FieldEncryptionManager -- Configured field encryption: notes -> RANDOM
14:39:22.524 [main] INFO io.confluent.connect.http.encryption.FieldEncryptionManager -- Field-level encryption enabled with 3 encryption rules
14:39:22.524 [main] INFO io.confluent.connect.http.config.HttpSourceConnectorConfig -- HttpSourceConnectorConfig values: 
	adaptive.polling.enabled = true
	api.chaining.parent.child.relationship = 
	api.key.location = HEADER
	api.key.name = X-API-KEY
	api.key.value = null
	apis.num = 1
	auth.type = NONE
	bearer.token = null
	behavior.on.error = FAIL
	circuit.breaker.failure.threshold = 5
	circuit.breaker.recovery.time.ms = 30000
	circuit.breaker.timeout.ms = 60000
	connection.password = null
	connection.user = null
	field.encryption.enabled = false
	field.encryption.key = null
	field.encryption.rules = 
	http.api.base.url = http://localhost:8080
	http.proxy.host = null
	http.proxy.password = null
	http.proxy.port = null
	http.proxy.user = null
	https.ssl.enabled = false
	https.ssl.protocol = TLSv1.3
	max.cache.size = 1000
	oauth2.client.auth.mode = HEADER
	oauth2.client.id = null
	oauth2.client.scope = any
	oauth2.client.secret = null
	oauth2.token.property = access_token
	oauth2.token.refresh.interval.minutes = 30
	oauth2.token.url = null
	output.data.format = JSON_SR
	report.errors.as = Error string
	reporter.error.topic.name = error-${connector}
	response.cache.ttl.ms = 300000
	response.caching.enabled = true
	schema.context.name = default
	tasks.max = 1
	value.subject.name.strategy = TopicNameStrategy

14:39:22.524 [main] DEBUG io.confluent.connect.http.config.HttpSourceConnectorConfig -- Validating HttpSourceConnectorConfig
14:39:22.524 [main] DEBUG io.confluent.connect.http.config.HttpSourceConnectorConfig -- HttpSourceConnectorConfig validation completed
14:39:22.524 [main] INFO io.confluent.connect.http.encryption.FieldEncryptionManager -- Field-level encryption disabled
]]></system-out>
  </testcase>
  <testcase name="shouldHandleInvalidEncryptionRulesGracefully" classname="io.confluent.connect.http.unit.FieldEncryptionManagerTest" time="0.001">
    <system-out><![CDATA[14:39:22.525 [main] INFO io.confluent.connect.http.config.HttpSourceConnectorConfig -- HttpSourceConnectorConfig values: 
	adaptive.polling.enabled = true
	api.chaining.parent.child.relationship = 
	api.key.location = HEADER
	api.key.name = X-API-KEY
	api.key.value = null
	apis.num = 1
	auth.type = NONE
	bearer.token = null
	behavior.on.error = FAIL
	circuit.breaker.failure.threshold = 5
	circuit.breaker.recovery.time.ms = 30000
	circuit.breaker.timeout.ms = 60000
	connection.password = null
	connection.user = null
	field.encryption.enabled = true
	field.encryption.key = [hidden]
	field.encryption.rules = ssn:AES_GCM,salary:DETERMINISTIC,notes:RANDOM
	http.api.base.url = http://localhost:8080
	http.proxy.host = null
	http.proxy.password = null
	http.proxy.port = null
	http.proxy.user = null
	https.ssl.enabled = false
	https.ssl.protocol = TLSv1.3
	max.cache.size = 1000
	oauth2.client.auth.mode = HEADER
	oauth2.client.id = null
	oauth2.client.scope = any
	oauth2.client.secret = null
	oauth2.token.property = access_token
	oauth2.token.refresh.interval.minutes = 30
	oauth2.token.url = null
	output.data.format = JSON_SR
	report.errors.as = Error string
	reporter.error.topic.name = error-${connector}
	response.cache.ttl.ms = 300000
	response.caching.enabled = true
	schema.context.name = default
	tasks.max = 1
	value.subject.name.strategy = TopicNameStrategy

14:39:22.525 [main] DEBUG io.confluent.connect.http.config.HttpSourceConnectorConfig -- Validating HttpSourceConnectorConfig
14:39:22.525 [main] DEBUG io.confluent.connect.http.config.HttpSourceConnectorConfig -- HttpSourceConnectorConfig validation completed
14:39:22.525 [main] DEBUG io.confluent.connect.http.encryption.FieldEncryptionManager -- Configured field encryption: ssn -> AES_GCM
14:39:22.525 [main] DEBUG io.confluent.connect.http.encryption.FieldEncryptionManager -- Configured field encryption: salary -> DETERMINISTIC
14:39:22.525 [main] DEBUG io.confluent.connect.http.encryption.FieldEncryptionManager -- Configured field encryption: notes -> RANDOM
14:39:22.525 [main] INFO io.confluent.connect.http.encryption.FieldEncryptionManager -- Field-level encryption enabled with 3 encryption rules
14:39:22.526 [main] INFO io.confluent.connect.http.config.HttpSourceConnectorConfig -- HttpSourceConnectorConfig values: 
	adaptive.polling.enabled = true
	api.chaining.parent.child.relationship = 
	api.key.location = HEADER
	api.key.name = X-API-KEY
	api.key.value = null
	apis.num = 1
	auth.type = NONE
	bearer.token = null
	behavior.on.error = FAIL
	circuit.breaker.failure.threshold = 5
	circuit.breaker.recovery.time.ms = 30000
	circuit.breaker.timeout.ms = 60000
	connection.password = null
	connection.user = null
	field.encryption.enabled = true
	field.encryption.key = [hidden]
	field.encryption.rules = field1:INVALID_TYPE,field2:AES_GCM
	http.api.base.url = http://localhost:8080
	http.proxy.host = null
	http.proxy.password = null
	http.proxy.port = null
	http.proxy.user = null
	https.ssl.enabled = false
	https.ssl.protocol = TLSv1.3
	max.cache.size = 1000
	oauth2.client.auth.mode = HEADER
	oauth2.client.id = null
	oauth2.client.scope = any
	oauth2.client.secret = null
	oauth2.token.property = access_token
	oauth2.token.refresh.interval.minutes = 30
	oauth2.token.url = null
	output.data.format = JSON_SR
	report.errors.as = Error string
	reporter.error.topic.name = error-${connector}
	response.cache.ttl.ms = 300000
	response.caching.enabled = true
	schema.context.name = default
	tasks.max = 1
	value.subject.name.strategy = TopicNameStrategy

14:39:22.526 [main] DEBUG io.confluent.connect.http.config.HttpSourceConnectorConfig -- Validating HttpSourceConnectorConfig
14:39:22.526 [main] DEBUG io.confluent.connect.http.config.HttpSourceConnectorConfig -- HttpSourceConnectorConfig validation completed
14:39:22.526 [main] DEBUG io.confluent.connect.http.encryption.FieldEncryptionManager -- Configured field encryption: field1 -> INVALID_TYPE
14:39:22.526 [main] DEBUG io.confluent.connect.http.encryption.FieldEncryptionManager -- Configured field encryption: field2 -> AES_GCM
14:39:22.526 [main] INFO io.confluent.connect.http.encryption.FieldEncryptionManager -- Field-level encryption enabled with 2 encryption rules
14:39:22.526 [main] DEBUG io.confluent.connect.http.encryption.FieldEncryptionManager -- Attempting to encrypt fields for API: api1 with 2 rules
14:39:22.526 [main] WARN io.confluent.connect.http.encryption.FieldEncryptionManager -- Failed to encrypt field field1: Unsupported encryption type: INVALID_TYPE
]]></system-out>
  </testcase>
  <testcase name="shouldHandleDeterministicEncryptionConsistency" classname="io.confluent.connect.http.unit.FieldEncryptionManagerTest" time="0.002">
    <system-out><![CDATA[14:39:22.527 [main] INFO io.confluent.connect.http.config.HttpSourceConnectorConfig -- HttpSourceConnectorConfig values: 
	adaptive.polling.enabled = true
	api.chaining.parent.child.relationship = 
	api.key.location = HEADER
	api.key.name = X-API-KEY
	api.key.value = null
	apis.num = 1
	auth.type = NONE
	bearer.token = null
	behavior.on.error = FAIL
	circuit.breaker.failure.threshold = 5
	circuit.breaker.recovery.time.ms = 30000
	circuit.breaker.timeout.ms = 60000
	connection.password = null
	connection.user = null
	field.encryption.enabled = true
	field.encryption.key = [hidden]
	field.encryption.rules = ssn:AES_GCM,salary:DETERMINISTIC,notes:RANDOM
	http.api.base.url = http://localhost:8080
	http.proxy.host = null
	http.proxy.password = null
	http.proxy.port = null
	http.proxy.user = null
	https.ssl.enabled = false
	https.ssl.protocol = TLSv1.3
	max.cache.size = 1000
	oauth2.client.auth.mode = HEADER
	oauth2.client.id = null
	oauth2.client.scope = any
	oauth2.client.secret = null
	oauth2.token.property = access_token
	oauth2.token.refresh.interval.minutes = 30
	oauth2.token.url = null
	output.data.format = JSON_SR
	report.errors.as = Error string
	reporter.error.topic.name = error-${connector}
	response.cache.ttl.ms = 300000
	response.caching.enabled = true
	schema.context.name = default
	tasks.max = 1
	value.subject.name.strategy = TopicNameStrategy

14:39:22.527 [main] DEBUG io.confluent.connect.http.config.HttpSourceConnectorConfig -- Validating HttpSourceConnectorConfig
14:39:22.527 [main] DEBUG io.confluent.connect.http.config.HttpSourceConnectorConfig -- HttpSourceConnectorConfig validation completed
14:39:22.527 [main] DEBUG io.confluent.connect.http.encryption.FieldEncryptionManager -- Configured field encryption: ssn -> AES_GCM
14:39:22.527 [main] DEBUG io.confluent.connect.http.encryption.FieldEncryptionManager -- Configured field encryption: salary -> DETERMINISTIC
14:39:22.528 [main] DEBUG io.confluent.connect.http.encryption.FieldEncryptionManager -- Configured field encryption: notes -> RANDOM
14:39:22.528 [main] INFO io.confluent.connect.http.encryption.FieldEncryptionManager -- Field-level encryption enabled with 3 encryption rules
14:39:22.528 [main] INFO io.confluent.connect.http.config.HttpSourceConnectorConfig -- HttpSourceConnectorConfig values: 
	adaptive.polling.enabled = true
	api.chaining.parent.child.relationship = 
	api.key.location = HEADER
	api.key.name = X-API-KEY
	api.key.value = null
	apis.num = 1
	auth.type = NONE
	bearer.token = null
	behavior.on.error = FAIL
	circuit.breaker.failure.threshold = 5
	circuit.breaker.recovery.time.ms = 30000
	circuit.breaker.timeout.ms = 60000
	connection.password = null
	connection.user = null
	field.encryption.enabled = true
	field.encryption.key = [hidden]
	field.encryption.rules = customer_id:DETERMINISTIC
	http.api.base.url = http://localhost:8080
	http.proxy.host = null
	http.proxy.password = null
	http.proxy.port = null
	http.proxy.user = null
	https.ssl.enabled = false
	https.ssl.protocol = TLSv1.3
	max.cache.size = 1000
	oauth2.client.auth.mode = HEADER
	oauth2.client.id = null
	oauth2.client.scope = any
	oauth2.client.secret = null
	oauth2.token.property = access_token
	oauth2.token.refresh.interval.minutes = 30
	oauth2.token.url = null
	output.data.format = JSON_SR
	report.errors.as = Error string
	reporter.error.topic.name = error-${connector}
	response.cache.ttl.ms = 300000
	response.caching.enabled = true
	schema.context.name = default
	tasks.max = 1
	value.subject.name.strategy = TopicNameStrategy

14:39:22.528 [main] DEBUG io.confluent.connect.http.config.HttpSourceConnectorConfig -- Validating HttpSourceConnectorConfig
14:39:22.528 [main] DEBUG io.confluent.connect.http.config.HttpSourceConnectorConfig -- HttpSourceConnectorConfig validation completed
14:39:22.528 [main] DEBUG io.confluent.connect.http.encryption.FieldEncryptionManager -- Configured field encryption: customer_id -> DETERMINISTIC
14:39:22.528 [main] INFO io.confluent.connect.http.encryption.FieldEncryptionManager -- Field-level encryption enabled with 1 encryption rules
14:39:22.528 [main] DEBUG io.confluent.connect.http.encryption.FieldEncryptionManager -- Attempting to encrypt fields for API: api1 with 1 rules
14:39:22.528 [main] DEBUG io.confluent.connect.http.encryption.FieldEncryptionManager -- Attempting to encrypt fields for API: api1 with 1 rules
]]></system-out>
  </testcase>
  <testcase name="shouldHandleApiSpecificFieldRules" classname="io.confluent.connect.http.unit.FieldEncryptionManagerTest" time="0.002">
    <system-out><![CDATA[14:39:22.529 [main] INFO io.confluent.connect.http.config.HttpSourceConnectorConfig -- HttpSourceConnectorConfig values: 
	adaptive.polling.enabled = true
	api.chaining.parent.child.relationship = 
	api.key.location = HEADER
	api.key.name = X-API-KEY
	api.key.value = null
	apis.num = 1
	auth.type = NONE
	bearer.token = null
	behavior.on.error = FAIL
	circuit.breaker.failure.threshold = 5
	circuit.breaker.recovery.time.ms = 30000
	circuit.breaker.timeout.ms = 60000
	connection.password = null
	connection.user = null
	field.encryption.enabled = true
	field.encryption.key = [hidden]
	field.encryption.rules = ssn:AES_GCM,salary:DETERMINISTIC,notes:RANDOM
	http.api.base.url = http://localhost:8080
	http.proxy.host = null
	http.proxy.password = null
	http.proxy.port = null
	http.proxy.user = null
	https.ssl.enabled = false
	https.ssl.protocol = TLSv1.3
	max.cache.size = 1000
	oauth2.client.auth.mode = HEADER
	oauth2.client.id = null
	oauth2.client.scope = any
	oauth2.client.secret = null
	oauth2.token.property = access_token
	oauth2.token.refresh.interval.minutes = 30
	oauth2.token.url = null
	output.data.format = JSON_SR
	report.errors.as = Error string
	reporter.error.topic.name = error-${connector}
	response.cache.ttl.ms = 300000
	response.caching.enabled = true
	schema.context.name = default
	tasks.max = 1
	value.subject.name.strategy = TopicNameStrategy

14:39:22.529 [main] DEBUG io.confluent.connect.http.config.HttpSourceConnectorConfig -- Validating HttpSourceConnectorConfig
14:39:22.529 [main] DEBUG io.confluent.connect.http.config.HttpSourceConnectorConfig -- HttpSourceConnectorConfig validation completed
14:39:22.529 [main] DEBUG io.confluent.connect.http.encryption.FieldEncryptionManager -- Configured field encryption: ssn -> AES_GCM
14:39:22.530 [main] DEBUG io.confluent.connect.http.encryption.FieldEncryptionManager -- Configured field encryption: salary -> DETERMINISTIC
14:39:22.530 [main] DEBUG io.confluent.connect.http.encryption.FieldEncryptionManager -- Configured field encryption: notes -> RANDOM
14:39:22.530 [main] INFO io.confluent.connect.http.encryption.FieldEncryptionManager -- Field-level encryption enabled with 3 encryption rules
14:39:22.530 [main] INFO io.confluent.connect.http.config.HttpSourceConnectorConfig -- HttpSourceConnectorConfig values: 
	adaptive.polling.enabled = true
	api.chaining.parent.child.relationship = 
	api.key.location = HEADER
	api.key.name = X-API-KEY
	api.key.value = null
	apis.num = 1
	auth.type = NONE
	bearer.token = null
	behavior.on.error = FAIL
	circuit.breaker.failure.threshold = 5
	circuit.breaker.recovery.time.ms = 30000
	circuit.breaker.timeout.ms = 60000
	connection.password = null
	connection.user = null
	field.encryption.enabled = true
	field.encryption.key = [hidden]
	field.encryption.rules = salary:AES_GCM,api2.employee_id:DETERMINISTIC
	http.api.base.url = http://localhost:8080
	http.proxy.host = null
	http.proxy.password = null
	http.proxy.port = null
	http.proxy.user = null
	https.ssl.enabled = false
	https.ssl.protocol = TLSv1.3
	max.cache.size = 1000
	oauth2.client.auth.mode = HEADER
	oauth2.client.id = null
	oauth2.client.scope = any
	oauth2.client.secret = null
	oauth2.token.property = access_token
	oauth2.token.refresh.interval.minutes = 30
	oauth2.token.url = null
	output.data.format = JSON_SR
	report.errors.as = Error string
	reporter.error.topic.name = error-${connector}
	response.cache.ttl.ms = 300000
	response.caching.enabled = true
	schema.context.name = default
	tasks.max = 1
	value.subject.name.strategy = TopicNameStrategy

14:39:22.530 [main] DEBUG io.confluent.connect.http.config.HttpSourceConnectorConfig -- Validating HttpSourceConnectorConfig
14:39:22.530 [main] DEBUG io.confluent.connect.http.config.HttpSourceConnectorConfig -- HttpSourceConnectorConfig validation completed
14:39:22.530 [main] DEBUG io.confluent.connect.http.encryption.FieldEncryptionManager -- Configured field encryption: salary -> AES_GCM
14:39:22.530 [main] DEBUG io.confluent.connect.http.encryption.FieldEncryptionManager -- Configured field encryption: api2.employee_id -> DETERMINISTIC
14:39:22.530 [main] INFO io.confluent.connect.http.encryption.FieldEncryptionManager -- Field-level encryption enabled with 2 encryption rules
14:39:22.530 [main] DEBUG io.confluent.connect.http.encryption.FieldEncryptionManager -- Attempting to encrypt fields for API: api1 with 2 rules
14:39:22.530 [main] DEBUG io.confluent.connect.http.encryption.FieldEncryptionManager -- Attempting to encrypt fields for API: api2 with 2 rules
]]></system-out>
  </testcase>
  <testcase name="shouldEncryptSensitiveFields" classname="io.confluent.connect.http.unit.FieldEncryptionManagerTest" time="0.001">
    <system-out><![CDATA[14:39:22.531 [main] INFO io.confluent.connect.http.config.HttpSourceConnectorConfig -- HttpSourceConnectorConfig values: 
	adaptive.polling.enabled = true
	api.chaining.parent.child.relationship = 
	api.key.location = HEADER
	api.key.name = X-API-KEY
	api.key.value = null
	apis.num = 1
	auth.type = NONE
	bearer.token = null
	behavior.on.error = FAIL
	circuit.breaker.failure.threshold = 5
	circuit.breaker.recovery.time.ms = 30000
	circuit.breaker.timeout.ms = 60000
	connection.password = null
	connection.user = null
	field.encryption.enabled = true
	field.encryption.key = [hidden]
	field.encryption.rules = ssn:AES_GCM,salary:DETERMINISTIC,notes:RANDOM
	http.api.base.url = http://localhost:8080
	http.proxy.host = null
	http.proxy.password = null
	http.proxy.port = null
	http.proxy.user = null
	https.ssl.enabled = false
	https.ssl.protocol = TLSv1.3
	max.cache.size = 1000
	oauth2.client.auth.mode = HEADER
	oauth2.client.id = null
	oauth2.client.scope = any
	oauth2.client.secret = null
	oauth2.token.property = access_token
	oauth2.token.refresh.interval.minutes = 30
	oauth2.token.url = null
	output.data.format = JSON_SR
	report.errors.as = Error string
	reporter.error.topic.name = error-${connector}
	response.cache.ttl.ms = 300000
	response.caching.enabled = true
	schema.context.name = default
	tasks.max = 1
	value.subject.name.strategy = TopicNameStrategy

14:39:22.531 [main] DEBUG io.confluent.connect.http.config.HttpSourceConnectorConfig -- Validating HttpSourceConnectorConfig
14:39:22.531 [main] DEBUG io.confluent.connect.http.config.HttpSourceConnectorConfig -- HttpSourceConnectorConfig validation completed
14:39:22.531 [main] DEBUG io.confluent.connect.http.encryption.FieldEncryptionManager -- Configured field encryption: ssn -> AES_GCM
14:39:22.531 [main] DEBUG io.confluent.connect.http.encryption.FieldEncryptionManager -- Configured field encryption: salary -> DETERMINISTIC
14:39:22.531 [main] DEBUG io.confluent.connect.http.encryption.FieldEncryptionManager -- Configured field encryption: notes -> RANDOM
14:39:22.531 [main] INFO io.confluent.connect.http.encryption.FieldEncryptionManager -- Field-level encryption enabled with 3 encryption rules
14:39:22.531 [main] DEBUG io.confluent.connect.http.encryption.FieldEncryptionManager -- Attempting to encrypt fields for API: api1 with 3 rules
]]></system-out>
  </testcase>
  <testcase name="shouldGenerateEncryptionKeyWhenNotProvided" classname="io.confluent.connect.http.unit.FieldEncryptionManagerTest" time="0.002">
    <system-out><![CDATA[14:39:22.533 [main] INFO io.confluent.connect.http.config.HttpSourceConnectorConfig -- HttpSourceConnectorConfig values: 
	adaptive.polling.enabled = true
	api.chaining.parent.child.relationship = 
	api.key.location = HEADER
	api.key.name = X-API-KEY
	api.key.value = null
	apis.num = 1
	auth.type = NONE
	bearer.token = null
	behavior.on.error = FAIL
	circuit.breaker.failure.threshold = 5
	circuit.breaker.recovery.time.ms = 30000
	circuit.breaker.timeout.ms = 60000
	connection.password = null
	connection.user = null
	field.encryption.enabled = true
	field.encryption.key = [hidden]
	field.encryption.rules = ssn:AES_GCM,salary:DETERMINISTIC,notes:RANDOM
	http.api.base.url = http://localhost:8080
	http.proxy.host = null
	http.proxy.password = null
	http.proxy.port = null
	http.proxy.user = null
	https.ssl.enabled = false
	https.ssl.protocol = TLSv1.3
	max.cache.size = 1000
	oauth2.client.auth.mode = HEADER
	oauth2.client.id = null
	oauth2.client.scope = any
	oauth2.client.secret = null
	oauth2.token.property = access_token
	oauth2.token.refresh.interval.minutes = 30
	oauth2.token.url = null
	output.data.format = JSON_SR
	report.errors.as = Error string
	reporter.error.topic.name = error-${connector}
	response.cache.ttl.ms = 300000
	response.caching.enabled = true
	schema.context.name = default
	tasks.max = 1
	value.subject.name.strategy = TopicNameStrategy

14:39:22.533 [main] DEBUG io.confluent.connect.http.config.HttpSourceConnectorConfig -- Validating HttpSourceConnectorConfig
14:39:22.533 [main] DEBUG io.confluent.connect.http.config.HttpSourceConnectorConfig -- HttpSourceConnectorConfig validation completed
14:39:22.533 [main] DEBUG io.confluent.connect.http.encryption.FieldEncryptionManager -- Configured field encryption: ssn -> AES_GCM
14:39:22.533 [main] DEBUG io.confluent.connect.http.encryption.FieldEncryptionManager -- Configured field encryption: salary -> DETERMINISTIC
14:39:22.533 [main] DEBUG io.confluent.connect.http.encryption.FieldEncryptionManager -- Configured field encryption: notes -> RANDOM
14:39:22.533 [main] INFO io.confluent.connect.http.encryption.FieldEncryptionManager -- Field-level encryption enabled with 3 encryption rules
14:39:22.533 [main] INFO io.confluent.connect.http.config.HttpSourceConnectorConfig -- HttpSourceConnectorConfig values: 
	adaptive.polling.enabled = true
	api.chaining.parent.child.relationship = 
	api.key.location = HEADER
	api.key.name = X-API-KEY
	api.key.value = null
	apis.num = 1
	auth.type = NONE
	bearer.token = null
	behavior.on.error = FAIL
	circuit.breaker.failure.threshold = 5
	circuit.breaker.recovery.time.ms = 30000
	circuit.breaker.timeout.ms = 60000
	connection.password = null
	connection.user = null
	field.encryption.enabled = true
	field.encryption.key = null
	field.encryption.rules = ssn:AES_GCM
	http.api.base.url = http://localhost:8080
	http.proxy.host = null
	http.proxy.password = null
	http.proxy.port = null
	http.proxy.user = null
	https.ssl.enabled = false
	https.ssl.protocol = TLSv1.3
	max.cache.size = 1000
	oauth2.client.auth.mode = HEADER
	oauth2.client.id = null
	oauth2.client.scope = any
	oauth2.client.secret = null
	oauth2.token.property = access_token
	oauth2.token.refresh.interval.minutes = 30
	oauth2.token.url = null
	output.data.format = JSON_SR
	report.errors.as = Error string
	reporter.error.topic.name = error-${connector}
	response.cache.ttl.ms = 300000
	response.caching.enabled = true
	schema.context.name = default
	tasks.max = 1
	value.subject.name.strategy = TopicNameStrategy

14:39:22.533 [main] DEBUG io.confluent.connect.http.config.HttpSourceConnectorConfig -- Validating HttpSourceConnectorConfig
14:39:22.533 [main] DEBUG io.confluent.connect.http.config.HttpSourceConnectorConfig -- HttpSourceConnectorConfig validation completed
14:39:22.534 [main] WARN io.confluent.connect.http.encryption.FieldEncryptionManager -- Generated new encryption key. Save this key securely: iKBnNl8HgaW3mKksBUAoYRLY2wkpjIK4jQyvr2hHBLI=
14:39:22.534 [main] DEBUG io.confluent.connect.http.encryption.FieldEncryptionManager -- Configured field encryption: ssn -> AES_GCM
14:39:22.534 [main] INFO io.confluent.connect.http.encryption.FieldEncryptionManager -- Field-level encryption enabled with 1 encryption rules
14:39:22.534 [main] DEBUG io.confluent.connect.http.encryption.FieldEncryptionManager -- Attempting to encrypt fields for API: api1 with 1 rules
]]></system-out>
  </testcase>
  <testcase name="shouldHandleNullAndEmptyRecords" classname="io.confluent.connect.http.unit.FieldEncryptionManagerTest" time="0.0">
    <system-out><![CDATA[14:39:22.535 [main] INFO io.confluent.connect.http.config.HttpSourceConnectorConfig -- HttpSourceConnectorConfig values: 
	adaptive.polling.enabled = true
	api.chaining.parent.child.relationship = 
	api.key.location = HEADER
	api.key.name = X-API-KEY
	api.key.value = null
	apis.num = 1
	auth.type = NONE
	bearer.token = null
	behavior.on.error = FAIL
	circuit.breaker.failure.threshold = 5
	circuit.breaker.recovery.time.ms = 30000
	circuit.breaker.timeout.ms = 60000
	connection.password = null
	connection.user = null
	field.encryption.enabled = true
	field.encryption.key = [hidden]
	field.encryption.rules = ssn:AES_GCM,salary:DETERMINISTIC,notes:RANDOM
	http.api.base.url = http://localhost:8080
	http.proxy.host = null
	http.proxy.password = null
	http.proxy.port = null
	http.proxy.user = null
	https.ssl.enabled = false
	https.ssl.protocol = TLSv1.3
	max.cache.size = 1000
	oauth2.client.auth.mode = HEADER
	oauth2.client.id = null
	oauth2.client.scope = any
	oauth2.client.secret = null
	oauth2.token.property = access_token
	oauth2.token.refresh.interval.minutes = 30
	oauth2.token.url = null
	output.data.format = JSON_SR
	report.errors.as = Error string
	reporter.error.topic.name = error-${connector}
	response.cache.ttl.ms = 300000
	response.caching.enabled = true
	schema.context.name = default
	tasks.max = 1
	value.subject.name.strategy = TopicNameStrategy

14:39:22.535 [main] DEBUG io.confluent.connect.http.config.HttpSourceConnectorConfig -- Validating HttpSourceConnectorConfig
14:39:22.535 [main] DEBUG io.confluent.connect.http.config.HttpSourceConnectorConfig -- HttpSourceConnectorConfig validation completed
14:39:22.535 [main] DEBUG io.confluent.connect.http.encryption.FieldEncryptionManager -- Configured field encryption: ssn -> AES_GCM
14:39:22.535 [main] DEBUG io.confluent.connect.http.encryption.FieldEncryptionManager -- Configured field encryption: salary -> DETERMINISTIC
14:39:22.535 [main] DEBUG io.confluent.connect.http.encryption.FieldEncryptionManager -- Configured field encryption: notes -> RANDOM
14:39:22.535 [main] INFO io.confluent.connect.http.encryption.FieldEncryptionManager -- Field-level encryption enabled with 3 encryption rules
14:39:22.535 [main] DEBUG io.confluent.connect.http.encryption.FieldEncryptionManager -- Attempting to encrypt fields for API: api1 with 3 rules
14:39:22.535 [main] DEBUG io.confluent.connect.http.encryption.FieldEncryptionManager -- Field notes not found in record, skipping encryption
14:39:22.535 [main] DEBUG io.confluent.connect.http.encryption.FieldEncryptionManager -- Field salary not found in record, skipping encryption
14:39:22.535 [main] DEBUG io.confluent.connect.http.encryption.FieldEncryptionManager -- Field ssn not found in record, skipping encryption
]]></system-out>
  </testcase>
</testsuite>