<?xml version="1.0" encoding="UTF-8"?>
<testsuite xmlns:xsi="http://www.w3.org/2001/XMLSchema-instance" xsi:noNamespaceSchemaLocation="https://maven.apache.org/surefire/maven-surefire-plugin/xsd/surefire-test-report-3.0.xsd" version="3.0" name="io.confluent.connect.http.integration.ODataCursorPaginationTest" time="9.491" tests="1" errors="0" skipped="0" failures="0">
  <properties>
[...]
</properties>
  <testcase name="shouldReplaceOffsetTemplateWithODataQueryParameters" classname="io.confluent.connect.http.integration.ODataCursorPaginationTest" time="0.292">
    <system-out><![CDATA[08:44:02.508 [main] DEBUG org.testcontainers.utility.TestcontainersConfiguration -- Testcontainers configuration overrides will be loaded from file:/Users/leonardosantana/.testcontainers.properties
08:44:02.512 [main] INFO org.testcontainers.images.PullPolicy -- Image pull policy will be performed by: DefaultPullPolicy()
08:44:02.513 [main] INFO org.testcontainers.utility.ImageNameSubstitutor -- Image name substitution will be performed by: DefaultImageNameSubstitutor (composite of 'ConfigurationFileImageNameSubstitutor' and 'PrefixingImageNameSubstitutor')
08:44:02.683 [main] INFO org.testcontainers.dockerclient.DockerClientProviderStrategy -- Loaded org.testcontainers.dockerclient.UnixSocketClientProviderStrategy from ~/.testcontainers.properties, will try it first
08:44:02.687 [main] DEBUG org.testcontainers.dockerclient.DockerClientProviderStrategy -- Trying out strategy: UnixSocketClientProviderStrategy
08:44:02.755 [main] DEBUG org.testcontainers.shaded.com.github.dockerjava.core.command.AbstrDockerCmd -- Cmd: 
08:44:02.764 [main] DEBUG com.github.dockerjava.zerodep.shaded.org.apache.hc.client5.http.impl.classic.InternalHttpClient -- ex-00000001: preparing request execution
08:44:02.765 [main] DEBUG com.github.dockerjava.zerodep.shaded.org.apache.hc.client5.http.protocol.RequestAddCookies -- Cookie spec selected: strict
08:44:02.767 [main] DEBUG com.github.dockerjava.zerodep.shaded.org.apache.hc.client5.http.protocol.RequestAuthCache -- Auth cache not set in the context
08:44:02.767 [main] DEBUG com.github.dockerjava.zerodep.shaded.org.apache.hc.client5.http.impl.classic.ProtocolExec -- ex-00000001: target auth state: UNCHALLENGED
08:44:02.767 [main] DEBUG com.github.dockerjava.zerodep.shaded.org.apache.hc.client5.http.impl.classic.ProtocolExec -- ex-00000001: proxy auth state: UNCHALLENGED
08:44:02.767 [main] DEBUG com.github.dockerjava.zerodep.shaded.org.apache.hc.client5.http.impl.classic.ConnectExec -- ex-00000001: acquiring connection with route {}->unix://localhost:2375
08:44:02.767 [main] DEBUG com.github.dockerjava.zerodep.shaded.org.apache.hc.client5.http.impl.classic.InternalHttpClient -- ex-00000001: acquiring endpoint (3 MINUTES)
08:44:02.768 [main] DEBUG com.github.dockerjava.zerodep.shaded.org.apache.hc.client5.http.impl.io.PoolingHttpClientConnectionManager -- ex-00000001: endpoint lease request (3 MINUTES) [route: {}->unix://localhost:2375][total available: 0; route allocated: 0 of 2147483647; total allocated: 0 of 2147483647]
08:44:02.772 [main] DEBUG com.github.dockerjava.zerodep.shaded.org.apache.hc.client5.http.impl.io.PoolingHttpClientConnectionManager -- ex-00000001: endpoint leased [route: {}->unix://localhost:2375][total available: 0; route allocated: 1 of 2147483647; total allocated: 1 of 2147483647]
08:44:02.775 [main] DEBUG com.github.dockerjava.zerodep.shaded.org.apache.hc.client5.http.impl.io.PoolingHttpClientConnectionManager -- ex-00000001: acquired ep-00000000
08:44:02.775 [main] DEBUG com.github.dockerjava.zerodep.shaded.org.apache.hc.client5.http.impl.classic.InternalHttpClient -- ex-00000001: acquired endpoint ep-00000000
08:44:02.775 [main] DEBUG com.github.dockerjava.zerodep.shaded.org.apache.hc.client5.http.impl.classic.ConnectExec -- ex-00000001: opening connection {}->unix://localhost:2375
08:44:02.776 [main] DEBUG com.github.dockerjava.zerodep.shaded.org.apache.hc.client5.http.impl.classic.InternalHttpClient -- ep-00000000: connecting endpoint (3 MINUTES)
08:44:02.776 [main] DEBUG com.github.dockerjava.zerodep.shaded.org.apache.hc.client5.http.impl.io.PoolingHttpClientConnectionManager -- ep-00000000: connecting endpoint to unix://localhost:2375 (3 MINUTES)
08:44:02.780 [main] DEBUG com.github.dockerjava.zerodep.shaded.org.apache.hc.client5.http.impl.io.DefaultHttpClientConnectionOperator -- http-outgoing-0: connecting to localhost/127.0.0.1:2375
08:44:02.780 [main] DEBUG com.github.dockerjava.zerodep.shaded.org.apache.hc.client5.http.impl.io.DefaultHttpClientConnectionOperator -- http-outgoing-0: connection established /var/run/docker.sock<->/var/run/docker.sock
08:44:02.780 [main] DEBUG com.github.dockerjava.zerodep.shaded.org.apache.hc.client5.http.impl.io.PoolingHttpClientConnectionManager -- ep-00000000: connected http-outgoing-0
08:44:02.780 [main] DEBUG com.github.dockerjava.zerodep.shaded.org.apache.hc.client5.http.impl.classic.InternalHttpClient -- ep-00000000: endpoint connected
08:44:02.780 [main] DEBUG com.github.dockerjava.zerodep.shaded.org.apache.hc.client5.http.impl.classic.MainClientExec -- ex-00000001: executing GET /v1.32/info HTTP/1.1
08:44:02.781 [main] DEBUG com.github.dockerjava.zerodep.shaded.org.apache.hc.client5.http.impl.classic.InternalHttpClient -- ep-00000000: start execution ex-00000001
08:44:02.781 [main] DEBUG com.github.dockerjava.zerodep.shaded.org.apache.hc.client5.http.impl.io.PoolingHttpClientConnectionManager -- ep-00000000: executing exchange ex-00000001 over http-outgoing-0
08:44:02.781 [main] DEBUG com.github.dockerjava.zerodep.shaded.org.apache.hc.client5.http.headers -- http-outgoing-0 >> GET /v1.32/info HTTP/1.1
08:44:02.781 [main] DEBUG com.github.dockerjava.zerodep.shaded.org.apache.hc.client5.http.headers -- http-outgoing-0 >> x-tc-sid: e55372a0-92c5-4bbe-9a39-66bcbdc7a018
08:44:02.781 [main] DEBUG com.github.dockerjava.zerodep.shaded.org.apache.hc.client5.http.headers -- http-outgoing-0 >> User-Agent: tc-java/1.19.3
08:44:02.781 [main] DEBUG com.github.dockerjava.zerodep.shaded.org.apache.hc.client5.http.headers -- http-outgoing-0 >> Accept-Encoding: gzip, x-gzip, deflate
08:44:02.781 [main] DEBUG com.github.dockerjava.zerodep.shaded.org.apache.hc.client5.http.headers -- http-outgoing-0 >> Host: localhost:2375
08:44:02.781 [main] DEBUG com.github.dockerjava.zerodep.shaded.org.apache.hc.client5.http.headers -- http-outgoing-0 >> Connection: keep-alive
08:44:02.781 [main] DEBUG com.github.dockerjava.zerodep.shaded.org.apache.hc.client5.http.wire -- http-outgoing-0 >> "GET /v1.32/info HTTP/1.1[\r][\n]"
08:44:02.781 [main] DEBUG com.github.dockerjava.zerodep.shaded.org.apache.hc.client5.http.wire -- http-outgoing-0 >> "x-tc-sid: e55372a0-92c5-4bbe-9a39-66bcbdc7a018[\r][\n]"
08:44:02.781 [main] DEBUG com.github.dockerjava.zerodep.shaded.org.apache.hc.client5.http.wire -- http-outgoing-0 >> "User-Agent: tc-java/1.19.3[\r][\n]"
08:44:02.781 [main] DEBUG com.github.dockerjava.zerodep.shaded.org.apache.hc.client5.http.wire -- http-outgoing-0 >> "Accept-Encoding: gzip, x-gzip, deflate[\r][\n]"
08:44:02.781 [main] DEBUG com.github.dockerjava.zerodep.shaded.org.apache.hc.client5.http.wire -- http-outgoing-0 >> "Host: localhost:2375[\r][\n]"
08:44:02.781 [main] DEBUG com.github.dockerjava.zerodep.shaded.org.apache.hc.client5.http.wire -- http-outgoing-0 >> "Connection: keep-alive[\r][\n]"
08:44:02.782 [main] DEBUG com.github.dockerjava.zerodep.shaded.org.apache.hc.client5.http.wire -- http-outgoing-0 >> "[\r][\n]"
08:44:02.789 [main] DEBUG com.github.dockerjava.zerodep.shaded.org.apache.hc.client5.http.wire -- http-outgoing-0 << "HTTP/1.1 200 OK[\r][\n]"
08:44:02.790 [main] DEBUG com.github.dockerjava.zerodep.shaded.org.apache.hc.client5.http.wire -- http-outgoing-0 << "Api-Version: 1.49[\r][\n]"
08:44:02.790 [main] DEBUG com.github.dockerjava.zerodep.shaded.org.apache.hc.client5.http.wire -- http-outgoing-0 << "Content-Type: application/json[\r][\n]"
08:44:02.790 [main] DEBUG com.github.dockerjava.zerodep.shaded.org.apache.hc.client5.http.wire -- http-outgoing-0 << "Date: Tue, 29 Jul 2025 12:44:02 GMT[\r][\n]"
08:44:02.790 [main] DEBUG com.github.dockerjava.zerodep.shaded.org.apache.hc.client5.http.wire -- http-outgoing-0 << "Docker-Experimental: false[\r][\n]"
08:44:02.790 [main] DEBUG com.github.dockerjava.zerodep.shaded.org.apache.hc.client5.http.wire -- http-outgoing-0 << "Ostype: linux[\r][\n]"
08:44:02.790 [main] DEBUG com.github.dockerjava.zerodep.shaded.org.apache.hc.client5.http.wire -- http-outgoing-0 << "Server: Docker/28.1.1 (linux)[\r][\n]"
08:44:02.790 [main] DEBUG com.github.dockerjava.zerodep.shaded.org.apache.hc.client5.http.wire -- http-outgoing-0 << "Transfer-Encoding: chunked[\r][\n]"
08:44:02.790 [main] DEBUG com.github.dockerjava.zerodep.shaded.org.apache.hc.client5.http.wire -- http-outgoing-0 << "[\r][\n]"
08:44:02.791 [main] DEBUG com.github.dockerjava.zerodep.shaded.org.apache.hc.client5.http.headers -- http-outgoing-0 << HTTP/1.1 200 OK
08:44:02.791 [main] DEBUG com.github.dockerjava.zerodep.shaded.org.apache.hc.client5.http.headers -- http-outgoing-0 << Api-Version: 1.49
08:44:02.791 [main] DEBUG com.github.dockerjava.zerodep.shaded.org.apache.hc.client5.http.headers -- http-outgoing-0 << Content-Type: application/json
08:44:02.791 [main] DEBUG com.github.dockerjava.zerodep.shaded.org.apache.hc.client5.http.headers -- http-outgoing-0 << Date: Tue, 29 Jul 2025 12:44:02 GMT
08:44:02.791 [main] DEBUG com.github.dockerjava.zerodep.shaded.org.apache.hc.client5.http.headers -- http-outgoing-0 << Docker-Experimental: false
08:44:02.791 [main] DEBUG com.github.dockerjava.zerodep.shaded.org.apache.hc.client5.http.headers -- http-outgoing-0 << Ostype: linux
08:44:02.791 [main] DEBUG com.github.dockerjava.zerodep.shaded.org.apache.hc.client5.http.headers -- http-outgoing-0 << Server: Docker/28.1.1 (linux)
08:44:02.791 [main] DEBUG com.github.dockerjava.zerodep.shaded.org.apache.hc.client5.http.headers -- http-outgoing-0 << Transfer-Encoding: chunked
08:44:02.792 [main] DEBUG com.github.dockerjava.zerodep.shaded.org.apache.hc.client5.http.impl.classic.MainClientExec -- ex-00000001: connection can be kept alive for 3 MINUTES
08:44:02.793 [main] DEBUG com.github.dockerjava.zerodep.shaded.org.apache.hc.client5.http.wire -- http-outgoing-0 << "9b8[\r][\n]"
08:44:02.793 [main] DEBUG com.github.dockerjava.zerodep.shaded.org.apache.hc.client5.http.wire -- http-outgoing-0 << "{"ID":"02a07594-86fc-4e0c-99a3-629dec63ba82","Containers":4,"ContainersRunning":3,"ContainersPaused":0,"ContainersStopped":1,"Images":28,"Driver":"overlayfs","DriverStatus":[["driver-type","io.containerd.snapshotter.v1"]],"Plugins":{"Volume":["local"],"Network":["bridge","host","ipvlan","macvlan","null","overlay"],"Authorization":null,"Log":["awslogs","fluentd","gcplogs","gelf","journald","json-file","local","splunk","syslog"]},"MemoryLimit":true,"SwapLimit":true,"CpuCfsPeriod":true,"CpuCfsQuota":true,"CPUShares":true,"CPUSet":true,"PidsLimit":true,"IPv4Forwarding":true,"BridgeNfIptables":false,"BridgeNfIp6tables":false,"Debug":false,"NFd":114,"OomKillDisable":false,"NGoroutines":142,"SystemTime":"2025-07-29T12:44:02.190048294Z","LoggingDriver":"json-file","CgroupDriver":"cgroupfs","CgroupVersion":"2","NEventsListener":20,"KernelVersion":"6.10.14-linuxkit","OperatingSystem":"Docker Desktop","OSVersion":"","OSType":"linux","Architecture":"aarch64","IndexServerAddress":"https://index.docker.io/v1/","RegistryConfig":{"IndexConfigs":{"docker.io":{"Mirrors":[],"Name":"docker.io","Official":true,"Secure":true},"hubproxy.docker.internal:5555":{"Mirrors":[],"Name":"hubproxy.docker.internal:5555","Official":false,"Secure":false}},"InsecureRegistryCIDRs":["::1/128","127.0.0.0/8"],"Mirrors":null},"NCPU":12,"MemTotal":8217751552,"GenericResources":null,"DockerRootDir":"/var/lib/docker","HttpProxy":"http.docker.internal:3128","HttpsProxy":"http.docker.internal:3128","NoProxy":"hubproxy.docker.internal","Name":"docker-desktop","Labels":["com.docker.desktop.address=unix:///Users/leonardosantana/Library/Containers/com.docker.docker/Data/docker-cli.sock"],"ExperimentalBuild":false,"ServerVersion":"28.1.1","Runtimes":{"io.containerd.runc.v2":{"path":"runc"},"runc":{"path":"runc"}},"DefaultRuntime":"runc","Swarm":{"NodeID":"","NodeAddr":"","LocalNodeState":"inactive","ControlAvailable":false,"Error":"","RemoteManagers":null},"LiveRestoreEnabled":false,"Isolation":"","InitBinary":"docker-init","ContainerdCommit":{"ID":"05044ec0a9a75232cad458027ca83437aae3f4da","Expected":"05044ec0a9a75232cad458027ca83437aae3f4da"},"RuncCommit":{"ID":"v1.2.5-0-g59923ef","Expected":"v1.2.5-0-g59923ef"},"InitCommit":{"ID":"de40ad0","Expected":"de40ad0"},"SecurityOptions":["name=seccomp,profile=unconfined","name=cgroupns"],"CDISpecDirs":["/etc/cdi","/var/run/cdi"],"Warnings":["WARNING: DOCKER_INSECURE_NO_IPTABLES_RAW is set","WARNING: daemon is not using the default seccomp profile"]}[\r][\n]"
08:44:02.793 [main] DEBUG com.github.dockerjava.zerodep.shaded.org.apache.hc.client5.http.wire -- http-outgoing-0 << "0[\r][\n]"
08:44:02.793 [main] DEBUG com.github.dockerjava.zerodep.shaded.org.apache.hc.client5.http.wire -- http-outgoing-0 << "[\r][\n]"
08:44:02.817 [main] DEBUG com.github.dockerjava.zerodep.shaded.org.apache.hc.client5.http.impl.classic.InternalHttpClient -- ep-00000000: releasing valid endpoint
08:44:02.817 [main] DEBUG com.github.dockerjava.zerodep.shaded.org.apache.hc.client5.http.impl.io.PoolingHttpClientConnectionManager -- ep-00000000: releasing endpoint
08:44:02.817 [main] DEBUG com.github.dockerjava.zerodep.shaded.org.apache.hc.client5.http.impl.io.PoolingHttpClientConnectionManager -- ep-00000000: connection http-outgoing-0 can be kept alive for 3 MINUTES
08:44:02.817 [main] DEBUG com.github.dockerjava.zerodep.shaded.org.apache.hc.client5.http.impl.io.PoolingHttpClientConnectionManager -- ep-00000000: connection released [route: {}->unix://localhost:2375][total available: 1; route allocated: 1 of 2147483647; total allocated: 1 of 2147483647]
08:44:02.818 [main] INFO org.testcontainers.dockerclient.DockerClientProviderStrategy -- Found Docker environment with local Unix socket (unix:///var/run/docker.sock)
08:44:02.818 [main] DEBUG org.testcontainers.dockerclient.DockerClientProviderStrategy -- Transport type: 'httpclient5', Docker host: 'unix:///var/run/docker.sock'
08:44:02.818 [main] DEBUG org.testcontainers.dockerclient.DockerClientProviderStrategy -- Checking Docker OS type for local Unix socket (unix:///var/run/docker.sock)
08:44:02.818 [main] INFO org.testcontainers.DockerClientFactory -- Docker host IP address is localhost
08:44:02.818 [main] DEBUG org.testcontainers.DockerClientFactory -- Docker info: {CDISpecDirs=[/etc/cdi, /var/run/cdi], NGoroutines=142, Name=docker-desktop, Swarm={NodeID=, NodeAddr=, LocalNodeState=inactive, ControlAvailable=false, Error=, RemoteManagers=null}, RuncCommit={ID=v1.2.5-0-g59923ef, Expected=v1.2.5-0-g59923ef}, OSVersion=, Runtimes={io.containerd.runc.v2={path=runc}, runc={path=runc}}, ID=02a07594-86fc-4e0c-99a3-629dec63ba82, DriverStatus=[[driver-type, io.containerd.snapshotter.v1]], BridgeNfIptables=false, LiveRestoreEnabled=false, SystemTime=2025-07-29T12:44:02.190048294Z, NoProxy=hubproxy.docker.internal, Architecture=aarch64, NEventsListener=20, HttpsProxy=http.docker.internal:3128, Images=28, ContainersRunning=3, Labels=[com.docker.desktop.address=unix:///Users/leonardosantana/Library/Containers/com.docker.docker/Data/docker-cli.sock], InitCommit={ID=de40ad0, Expected=de40ad0}, NFd=114, KernelVersion=6.10.14-linuxkit, LoggingDriver=json-file, OSType=linux, SecurityOptions=[name=seccomp,profile=unconfined, name=cgroupns], ContainerdCommit={ID=05044ec0a9a75232cad458027ca83437aae3f4da, Expected=05044ec0a9a75232cad458027ca83437aae3f4da}, GenericResources=null, OperatingSystem=Docker Desktop, RegistryConfig={IndexConfigs={docker.io={Mirrors=[], Name=docker.io, Official=true, Secure=true}, hubproxy.docker.internal:5555={Mirrors=[], Name=hubproxy.docker.internal:5555, Official=false, Secure=false}}, InsecureRegistryCIDRs=[::1/128, 127.0.0.0/8], Mirrors=null}, ServerVersion=28.1.1, OomKillDisable=false, CpuCfsQuota=true, Containers=4, Driver=overlayfs, IPv4Forwarding=true, ExperimentalBuild=false, DockerRootDir=/var/lib/docker, CPUSet=true, CpuCfsPeriod=true, DefaultRuntime=runc, CPUShares=true, Debug=false, NCPU=12, Plugins={Volume=[local], Network=[bridge, host, ipvlan, macvlan, null, overlay], Authorization=null, Log=[awslogs, fluentd, gcplogs, gelf, journald, json-file, local, splunk, syslog]}, SwapLimit=true, CgroupDriver=cgroupfs, ContainersPaused=0, MemTotal=8217751552, IndexServerAddress=https://index.docker.io/v1/, MemoryLimit=true, HttpProxy=http.docker.internal:3128, InitBinary=docker-init, CgroupVersion=2, PidsLimit=true, Isolation=, BridgeNfIp6tables=false, Warnings=[WARNING: DOCKER_INSECURE_NO_IPTABLES_RAW is set, WARNING: daemon is not using the default seccomp profile], ContainersStopped=1}
08:44:02.819 [main] DEBUG org.testcontainers.shaded.com.github.dockerjava.core.command.AbstrDockerCmd -- Cmd: 
08:44:02.820 [main] DEBUG com.github.dockerjava.zerodep.shaded.org.apache.hc.client5.http.impl.classic.InternalHttpClient -- ex-00000002: preparing request execution
08:44:02.820 [main] DEBUG com.github.dockerjava.zerodep.shaded.org.apache.hc.client5.http.protocol.RequestAddCookies -- Cookie spec selected: strict
08:44:02.820 [main] DEBUG com.github.dockerjava.zerodep.shaded.org.apache.hc.client5.http.protocol.RequestAuthCache -- Auth cache not set in the context
08:44:02.820 [main] DEBUG com.github.dockerjava.zerodep.shaded.org.apache.hc.client5.http.impl.classic.ProtocolExec -- ex-00000002: target auth state: UNCHALLENGED
08:44:02.820 [main] DEBUG com.github.dockerjava.zerodep.shaded.org.apache.hc.client5.http.impl.classic.ProtocolExec -- ex-00000002: proxy auth state: UNCHALLENGED
08:44:02.820 [main] DEBUG com.github.dockerjava.zerodep.shaded.org.apache.hc.client5.http.impl.classic.ConnectExec -- ex-00000002: acquiring connection with route {}->unix://localhost:2375
08:44:02.820 [main] DEBUG com.github.dockerjava.zerodep.shaded.org.apache.hc.client5.http.impl.classic.InternalHttpClient -- ex-00000002: acquiring endpoint (3 MINUTES)
08:44:02.820 [main] DEBUG com.github.dockerjava.zerodep.shaded.org.apache.hc.client5.http.impl.io.PoolingHttpClientConnectionManager -- ex-00000002: endpoint lease request (3 MINUTES) [route: {}->unix://localhost:2375][total available: 1; route allocated: 1 of 2147483647; total allocated: 1 of 2147483647]
08:44:02.820 [main] DEBUG com.github.dockerjava.zerodep.shaded.org.apache.hc.client5.http.impl.io.PoolingHttpClientConnectionManager -- ex-00000002: endpoint leased [route: {}->unix://localhost:2375][total available: 0; route allocated: 1 of 2147483647; total allocated: 1 of 2147483647]
08:44:02.820 [main] DEBUG com.github.dockerjava.zerodep.shaded.org.apache.hc.client5.http.impl.io.PoolingHttpClientConnectionManager -- ex-00000002: acquired ep-00000001
08:44:02.820 [main] DEBUG com.github.dockerjava.zerodep.shaded.org.apache.hc.client5.http.impl.classic.InternalHttpClient -- ex-00000002: acquired endpoint ep-00000001
08:44:02.820 [main] DEBUG com.github.dockerjava.zerodep.shaded.org.apache.hc.client5.http.impl.classic.MainClientExec -- ex-00000002: executing GET /v1.32/version HTTP/1.1
08:44:02.820 [main] DEBUG com.github.dockerjava.zerodep.shaded.org.apache.hc.client5.http.impl.classic.InternalHttpClient -- ep-00000001: start execution ex-00000002
08:44:02.821 [main] DEBUG com.github.dockerjava.zerodep.shaded.org.apache.hc.client5.http.impl.io.PoolingHttpClientConnectionManager -- ep-00000001: executing exchange ex-00000002 over http-outgoing-0
08:44:02.821 [main] DEBUG com.github.dockerjava.zerodep.shaded.org.apache.hc.client5.http.headers -- http-outgoing-0 >> GET /v1.32/version HTTP/1.1
08:44:02.821 [main] DEBUG com.github.dockerjava.zerodep.shaded.org.apache.hc.client5.http.headers -- http-outgoing-0 >> accept: application/json
08:44:02.821 [main] DEBUG com.github.dockerjava.zerodep.shaded.org.apache.hc.client5.http.headers -- http-outgoing-0 >> x-tc-sid: e55372a0-92c5-4bbe-9a39-66bcbdc7a018
08:44:02.821 [main] DEBUG com.github.dockerjava.zerodep.shaded.org.apache.hc.client5.http.headers -- http-outgoing-0 >> User-Agent: tc-java/1.19.3
08:44:02.821 [main] DEBUG com.github.dockerjava.zerodep.shaded.org.apache.hc.client5.http.headers -- http-outgoing-0 >> Accept-Encoding: gzip, x-gzip, deflate
08:44:02.821 [main] DEBUG com.github.dockerjava.zerodep.shaded.org.apache.hc.client5.http.headers -- http-outgoing-0 >> Host: localhost:2375
08:44:02.821 [main] DEBUG com.github.dockerjava.zerodep.shaded.org.apache.hc.client5.http.headers -- http-outgoing-0 >> Connection: keep-alive
08:44:02.821 [main] DEBUG com.github.dockerjava.zerodep.shaded.org.apache.hc.client5.http.wire -- http-outgoing-0 >> "GET /v1.32/version HTTP/1.1[\r][\n]"
08:44:02.821 [main] DEBUG com.github.dockerjava.zerodep.shaded.org.apache.hc.client5.http.wire -- http-outgoing-0 >> "accept: application/json[\r][\n]"
08:44:02.821 [main] DEBUG com.github.dockerjava.zerodep.shaded.org.apache.hc.client5.http.wire -- http-outgoing-0 >> "x-tc-sid: e55372a0-92c5-4bbe-9a39-66bcbdc7a018[\r][\n]"
08:44:02.821 [main] DEBUG com.github.dockerjava.zerodep.shaded.org.apache.hc.client5.http.wire -- http-outgoing-0 >> "User-Agent: tc-java/1.19.3[\r][\n]"
08:44:02.821 [main] DEBUG com.github.dockerjava.zerodep.shaded.org.apache.hc.client5.http.wire -- http-outgoing-0 >> "Accept-Encoding: gzip, x-gzip, deflate[\r][\n]"
08:44:02.821 [main] DEBUG com.github.dockerjava.zerodep.shaded.org.apache.hc.client5.http.wire -- http-outgoing-0 >> "Host: localhost:2375[\r][\n]"
08:44:02.821 [main] DEBUG com.github.dockerjava.zerodep.shaded.org.apache.hc.client5.http.wire -- http-outgoing-0 >> "Connection: keep-alive[\r][\n]"
08:44:02.821 [main] DEBUG com.github.dockerjava.zerodep.shaded.org.apache.hc.client5.http.wire -- http-outgoing-0 >> "[\r][\n]"
08:44:02.826 [main] DEBUG com.github.dockerjava.zerodep.shaded.org.apache.hc.client5.http.wire -- http-outgoing-0 << "HTTP/1.1 200 OK[\r][\n]"
08:44:02.827 [main] DEBUG com.github.dockerjava.zerodep.shaded.org.apache.hc.client5.http.wire -- http-outgoing-0 << "Api-Version: 1.49[\r][\n]"
08:44:02.827 [main] DEBUG com.github.dockerjava.zerodep.shaded.org.apache.hc.client5.http.wire -- http-outgoing-0 << "Content-Type: application/json[\r][\n]"
08:44:02.827 [main] DEBUG com.github.dockerjava.zerodep.shaded.org.apache.hc.client5.http.wire -- http-outgoing-0 << "Date: Tue, 29 Jul 2025 12:44:02 GMT[\r][\n]"
08:44:02.827 [main] DEBUG com.github.dockerjava.zerodep.shaded.org.apache.hc.client5.http.wire -- http-outgoing-0 << "Docker-Experimental: false[\r][\n]"
08:44:02.827 [main] DEBUG com.github.dockerjava.zerodep.shaded.org.apache.hc.client5.http.wire -- http-outgoing-0 << "Ostype: linux[\r][\n]"
08:44:02.827 [main] DEBUG com.github.dockerjava.zerodep.shaded.org.apache.hc.client5.http.wire -- http-outgoing-0 << "Server: Docker/28.1.1 (linux)[\r][\n]"
08:44:02.827 [main] DEBUG com.github.dockerjava.zerodep.shaded.org.apache.hc.client5.http.wire -- http-outgoing-0 << "Transfer-Encoding: chunked[\r][\n]"
08:44:02.827 [main] DEBUG com.github.dockerjava.zerodep.shaded.org.apache.hc.client5.http.wire -- http-outgoing-0 << "[\r][\n]"
08:44:02.827 [main] DEBUG com.github.dockerjava.zerodep.shaded.org.apache.hc.client5.http.headers -- http-outgoing-0 << HTTP/1.1 200 OK
08:44:02.827 [main] DEBUG com.github.dockerjava.zerodep.shaded.org.apache.hc.client5.http.headers -- http-outgoing-0 << Api-Version: 1.49
08:44:02.827 [main] DEBUG com.github.dockerjava.zerodep.shaded.org.apache.hc.client5.http.headers -- http-outgoing-0 << Content-Type: application/json
08:44:02.827 [main] DEBUG com.github.dockerjava.zerodep.shaded.org.apache.hc.client5.http.headers -- http-outgoing-0 << Date: Tue, 29 Jul 2025 12:44:02 GMT
08:44:02.827 [main] DEBUG com.github.dockerjava.zerodep.shaded.org.apache.hc.client5.http.headers -- http-outgoing-0 << Docker-Experimental: false
08:44:02.827 [main] DEBUG com.github.dockerjava.zerodep.shaded.org.apache.hc.client5.http.headers -- http-outgoing-0 << Ostype: linux
08:44:02.827 [main] DEBUG com.github.dockerjava.zerodep.shaded.org.apache.hc.client5.http.headers -- http-outgoing-0 << Server: Docker/28.1.1 (linux)
08:44:02.827 [main] DEBUG com.github.dockerjava.zerodep.shaded.org.apache.hc.client5.http.headers -- http-outgoing-0 << Transfer-Encoding: chunked
08:44:02.827 [main] DEBUG com.github.dockerjava.zerodep.shaded.org.apache.hc.client5.http.impl.classic.MainClientExec -- ex-00000002: connection can be kept alive for 3 MINUTES
08:44:02.827 [main] DEBUG com.github.dockerjava.zerodep.shaded.org.apache.hc.client5.http.wire -- http-outgoing-0 << "339[\r][\n]"
08:44:02.827 [main] DEBUG com.github.dockerjava.zerodep.shaded.org.apache.hc.client5.http.wire -- http-outgoing-0 << "{"Platform":{"Name":"Docker Desktop 4.41.2 (191736)"},"Components":[{"Name":"Engine","Version":"28.1.1","Details":{"ApiVersion":"1.49","Arch":"arm64","BuildTime":"2025-04-18T09:52:08.000000000+00:00","Experimental":"false","GitCommit":"01f442b","GoVersion":"go1.23.8","KernelVersion":"6.10.14-linuxkit","MinAPIVersion":"1.24","Os":"linux"}},{"Name":"containerd","Version":"1.7.27","Details":{"GitCommit":"05044ec0a9a75232cad458027ca83437aae3f4da"}},{"Name":"runc","Version":"1.2.5","Details":{"GitCommit":"v1.2.5-0-g59923ef"}},{"Name":"docker-init","Version":"0.19.0","Details":{"GitCommit":"de40ad0"}}],"Version":"28.1.1","ApiVersion":"1.49","MinAPIVersion":"1.24","GitCommit":"01f442b","GoVersion":"go1.23.8","Os":"linux","Arch":"arm64","KernelVersion":"6.10.14-linuxkit","BuildTime":"2025-04-18T09:52:08.000000000+00:00"}[\n]"
08:44:02.827 [main] DEBUG com.github.dockerjava.zerodep.shaded.org.apache.hc.client5.http.wire -- http-outgoing-0 << "[\r][\n]"
08:44:02.827 [main] DEBUG com.github.dockerjava.zerodep.shaded.org.apache.hc.client5.http.wire -- http-outgoing-0 << "0[\r][\n]"
08:44:02.827 [main] DEBUG com.github.dockerjava.zerodep.shaded.org.apache.hc.client5.http.wire -- http-outgoing-0 << "[\r][\n]"
08:44:02.831 [main] DEBUG com.github.dockerjava.zerodep.shaded.org.apache.hc.client5.http.impl.classic.InternalHttpClient -- ep-00000001: releasing valid endpoint
08:44:02.831 [main] DEBUG com.github.dockerjava.zerodep.shaded.org.apache.hc.client5.http.impl.io.PoolingHttpClientConnectionManager -- ep-00000001: releasing endpoint
08:44:02.831 [main] DEBUG com.github.dockerjava.zerodep.shaded.org.apache.hc.client5.http.impl.io.PoolingHttpClientConnectionManager -- ep-00000001: connection http-outgoing-0 can be kept alive for 3 MINUTES
08:44:02.831 [main] DEBUG com.github.dockerjava.zerodep.shaded.org.apache.hc.client5.http.impl.io.PoolingHttpClientConnectionManager -- ep-00000001: connection released [route: {}->unix://localhost:2375][total available: 1; route allocated: 1 of 2147483647; total allocated: 1 of 2147483647]
08:44:02.831 [main] DEBUG org.testcontainers.DockerClientFactory -- Docker version: {Components=[{Name=Engine, Version=28.1.1, Details={ApiVersion=1.49, Arch=arm64, BuildTime=2025-04-18T09:52:08.000000000+00:00, Experimental=false, GitCommit=01f442b, GoVersion=go1.23.8, KernelVersion=6.10.14-linuxkit, MinAPIVersion=1.24, Os=linux}}, {Name=containerd, Version=1.7.27, Details={GitCommit=05044ec0a9a75232cad458027ca83437aae3f4da}}, {Name=runc, Version=1.2.5, Details={GitCommit=v1.2.5-0-g59923ef}}, {Name=docker-init, Version=0.19.0, Details={GitCommit=de40ad0}}], KernelVersion=6.10.14-linuxkit, ApiVersion=1.49, Platform={Name=Docker Desktop 4.41.2 (191736)}, GitCommit=01f442b, Os=linux, Version=28.1.1, MinAPIVersion=1.24, Arch=arm64, GoVersion=go1.23.8, BuildTime=2025-04-18T09:52:08.000000000+00:00}
08:44:02.831 [main] INFO org.testcontainers.DockerClientFactory -- Connected to docker: 
  Server Version: 28.1.1
  API Version: 1.49
  Operating System: Docker Desktop
  Total Memory: 7837 MB
08:44:02.834 [main] DEBUG org.testcontainers.utility.RyukResourceReaper -- Ryuk is enabled
08:44:02.835 [main] DEBUG org.testcontainers.utility.PrefixingImageNameSubstitutor -- No prefix is configured
08:44:02.835 [main] DEBUG org.testcontainers.utility.ImageNameSubstitutor -- Did not find a substitute image for testcontainers/ryuk:0.5.1 (using image substitutor: DefaultImageNameSubstitutor (composite of 'ConfigurationFileImageNameSubstitutor' and 'PrefixingImageNameSubstitutor'))
08:44:02.835 [main] DEBUG org.testcontainers.shaded.com.github.dockerjava.core.command.AbstrDockerCmd -- Cmd: ListImagesCmdImpl[filters=org.testcontainers.shaded.com.github.dockerjava.core.util.FiltersBuilder@0,imageNameFilter=<null>,showAll=false]
08:44:02.837 [main] DEBUG com.github.dockerjava.zerodep.shaded.org.apache.hc.client5.http.impl.classic.InternalHttpClient -- ex-00000003: preparing request execution
08:44:02.837 [main] DEBUG com.github.dockerjava.zerodep.shaded.org.apache.hc.client5.http.protocol.RequestAddCookies -- Cookie spec selected: strict
08:44:02.837 [main] DEBUG com.github.dockerjava.zerodep.shaded.org.apache.hc.client5.http.protocol.RequestAuthCache -- Auth cache not set in the context
08:44:02.837 [main] DEBUG com.github.dockerjava.zerodep.shaded.org.apache.hc.client5.http.impl.classic.ProtocolExec -- ex-00000003: target auth state: UNCHALLENGED
08:44:02.837 [main] DEBUG com.github.dockerjava.zerodep.shaded.org.apache.hc.client5.http.impl.classic.ProtocolExec -- ex-00000003: proxy auth state: UNCHALLENGED
08:44:02.837 [main] DEBUG com.github.dockerjava.zerodep.shaded.org.apache.hc.client5.http.impl.classic.ConnectExec -- ex-00000003: acquiring connection with route {}->unix://localhost:2375
08:44:02.837 [main] DEBUG com.github.dockerjava.zerodep.shaded.org.apache.hc.client5.http.impl.classic.InternalHttpClient -- ex-00000003: acquiring endpoint (3 MINUTES)
08:44:02.837 [main] DEBUG com.github.dockerjava.zerodep.shaded.org.apache.hc.client5.http.impl.io.PoolingHttpClientConnectionManager -- ex-00000003: endpoint lease request (3 MINUTES) [route: {}->unix://localhost:2375][total available: 1; route allocated: 1 of 2147483647; total allocated: 1 of 2147483647]
08:44:02.837 [main] DEBUG com.github.dockerjava.zerodep.shaded.org.apache.hc.client5.http.impl.io.PoolingHttpClientConnectionManager -- ex-00000003: endpoint leased [route: {}->unix://localhost:2375][total available: 0; route allocated: 1 of 2147483647; total allocated: 1 of 2147483647]
08:44:02.837 [main] DEBUG com.github.dockerjava.zerodep.shaded.org.apache.hc.client5.http.impl.io.PoolingHttpClientConnectionManager -- ex-00000003: acquired ep-00000002
08:44:02.837 [main] DEBUG com.github.dockerjava.zerodep.shaded.org.apache.hc.client5.http.impl.classic.InternalHttpClient -- ex-00000003: acquired endpoint ep-00000002
08:44:02.837 [main] DEBUG com.github.dockerjava.zerodep.shaded.org.apache.hc.client5.http.impl.classic.MainClientExec -- ex-00000003: executing GET /v1.32/images/json HTTP/1.1
08:44:02.837 [main] DEBUG com.github.dockerjava.zerodep.shaded.org.apache.hc.client5.http.impl.classic.InternalHttpClient -- ep-00000002: start execution ex-00000003
08:44:02.837 [main] DEBUG com.github.dockerjava.zerodep.shaded.org.apache.hc.client5.http.impl.io.PoolingHttpClientConnectionManager -- ep-00000002: executing exchange ex-00000003 over http-outgoing-0
08:44:02.837 [main] DEBUG com.github.dockerjava.zerodep.shaded.org.apache.hc.client5.http.headers -- http-outgoing-0 >> GET /v1.32/images/json HTTP/1.1
08:44:02.837 [main] DEBUG com.github.dockerjava.zerodep.shaded.org.apache.hc.client5.http.headers -- http-outgoing-0 >> accept: application/json
08:44:02.837 [main] DEBUG com.github.dockerjava.zerodep.shaded.org.apache.hc.client5.http.headers -- http-outgoing-0 >> x-tc-sid: e55372a0-92c5-4bbe-9a39-66bcbdc7a018
08:44:02.837 [main] DEBUG com.github.dockerjava.zerodep.shaded.org.apache.hc.client5.http.headers -- http-outgoing-0 >> User-Agent: tc-java/1.19.3
08:44:02.837 [main] DEBUG com.github.dockerjava.zerodep.shaded.org.apache.hc.client5.http.headers -- http-outgoing-0 >> Accept-Encoding: gzip, x-gzip, deflate
08:44:02.837 [main] DEBUG com.github.dockerjava.zerodep.shaded.org.apache.hc.client5.http.headers -- http-outgoing-0 >> Host: localhost:2375
08:44:02.838 [main] DEBUG com.github.dockerjava.zerodep.shaded.org.apache.hc.client5.http.headers -- http-outgoing-0 >> Connection: keep-alive
08:44:02.838 [main] DEBUG com.github.dockerjava.zerodep.shaded.org.apache.hc.client5.http.wire -- http-outgoing-0 >> "GET /v1.32/images/json HTTP/1.1[\r][\n]"
08:44:02.838 [main] DEBUG com.github.dockerjava.zerodep.shaded.org.apache.hc.client5.http.wire -- http-outgoing-0 >> "accept: application/json[\r][\n]"
08:44:02.838 [main] DEBUG com.github.dockerjava.zerodep.shaded.org.apache.hc.client5.http.wire -- http-outgoing-0 >> "x-tc-sid: e55372a0-92c5-4bbe-9a39-66bcbdc7a018[\r][\n]"
08:44:02.838 [main] DEBUG com.github.dockerjava.zerodep.shaded.org.apache.hc.client5.http.wire -- http-outgoing-0 >> "User-Agent: tc-java/1.19.3[\r][\n]"
08:44:02.838 [main] DEBUG com.github.dockerjava.zerodep.shaded.org.apache.hc.client5.http.wire -- http-outgoing-0 >> "Accept-Encoding: gzip, x-gzip, deflate[\r][\n]"
08:44:02.838 [main] DEBUG com.github.dockerjava.zerodep.shaded.org.apache.hc.client5.http.wire -- http-outgoing-0 >> "Host: localhost:2375[\r][\n]"
08:44:02.838 [main] DEBUG com.github.dockerjava.zerodep.shaded.org.apache.hc.client5.http.wire -- http-outgoing-0 >> "Connection: keep-alive[\r][\n]"
08:44:02.838 [main] DEBUG com.github.dockerjava.zerodep.shaded.org.apache.hc.client5.http.wire -- http-outgoing-0 >> "[\r][\n]"
08:44:02.938 [main] DEBUG com.github.dockerjava.zerodep.shaded.org.apache.hc.client5.http.wire -- http-outgoing-0 << "HTTP/1.1 200 OK[\r][\n]"
08:44:02.938 [main] DEBUG com.github.dockerjava.zerodep.shaded.org.apache.hc.client5.http.wire -- http-outgoing-0 << "Api-Version: 1.49[\r][\n]"
08:44:02.938 [main] DEBUG com.github.dockerjava.zerodep.shaded.org.apache.hc.client5.http.wire -- http-outgoing-0 << "Content-Type: application/json[\r][\n]"
08:44:02.938 [main] DEBUG com.github.dockerjava.zerodep.shaded.org.apache.hc.client5.http.wire -- http-outgoing-0 << "Date: Tue, 29 Jul 2025 12:44:02 GMT[\r][\n]"
08:44:02.938 [main] DEBUG com.github.dockerjava.zerodep.shaded.org.apache.hc.client5.http.wire -- http-outgoing-0 << "Docker-Experimental: false[\r][\n]"
08:44:02.938 [main] DEBUG com.github.dockerjava.zerodep.shaded.org.apache.hc.client5.http.wire -- http-outgoing-0 << "Ostype: linux[\r][\n]"
08:44:02.938 [main] DEBUG com.github.dockerjava.zerodep.shaded.org.apache.hc.client5.http.wire -- http-outgoing-0 << "Server: Docker/28.1.1 (linux)[\r][\n]"
08:44:02.938 [main] DEBUG com.github.dockerjava.zerodep.shaded.org.apache.hc.client5.http.wire -- http-outgoing-0 << "Transfer-Encoding: chunked[\r][\n]"
08:44:02.938 [main] DEBUG com.github.dockerjava.zerodep.shaded.org.apache.hc.client5.http.wire -- http-outgoing-0 << "[\r][\n]"
08:44:02.939 [main] DEBUG com.github.dockerjava.zerodep.shaded.org.apache.hc.client5.http.headers -- http-outgoing-0 << HTTP/1.1 200 OK
08:44:02.939 [main] DEBUG com.github.dockerjava.zerodep.shaded.org.apache.hc.client5.http.headers -- http-outgoing-0 << Api-Version: 1.49
08:44:02.939 [main] DEBUG com.github.dockerjava.zerodep.shaded.org.apache.hc.client5.http.headers -- http-outgoing-0 << Content-Type: application/json
08:44:02.939 [main] DEBUG com.github.dockerjava.zerodep.shaded.org.apache.hc.client5.http.headers -- http-outgoing-0 << Date: Tue, 29 Jul 2025 12:44:02 GMT
08:44:02.939 [main] DEBUG com.github.dockerjava.zerodep.shaded.org.apache.hc.client5.http.headers -- http-outgoing-0 << Docker-Experimental: false
08:44:02.939 [main] DEBUG com.github.dockerjava.zerodep.shaded.org.apache.hc.client5.http.headers -- http-outgoing-0 << Ostype: linux
08:44:02.939 [main] DEBUG com.github.dockerjava.zerodep.shaded.org.apache.hc.client5.http.headers -- http-outgoing-0 << Server: Docker/28.1.1 (linux)
08:44:02.939 [main] DEBUG com.github.dockerjava.zerodep.shaded.org.apache.hc.client5.http.headers -- http-outgoing-0 << Transfer-Encoding: chunked
08:44:02.939 [main] DEBUG com.github.dockerjava.zerodep.shaded.org.apache.hc.client5.http.impl.classic.MainClientExec -- ex-00000003: connection can be kept alive for 3 MINUTES
08:44:02.939 [main] DEBUG com.github.dockerjava.zerodep.shaded.org.apache.hc.client5.http.wire -- http-outgoing-0 << "45e4[\r][\n]"
08:44:02.939 [main] DEBUG com.github.dockerjava.zerodep.shaded.org.apache.hc.client5.http.wire -- http-outgoing-0 << "[{"Containers":-1,"Created":1751820718,"Id":"sha256:bb186d083732f669da90be8b0f975a37812b15e913465bb14d845db72a4e3e08","Labels":null,"ParentId":"","RepoDigests":["redis@sha256:bb186d083732f669da90be8b0f975a37812b15e913465bb14d845db72a4e3e08"],"RepoTags":["redis:7-alpine"],"SharedSize":-1,"Size":61426498,"VirtualSize":61426498},{"Containers":-1,"Created":1748605817,"Id":"sha256:585aca657303ec21e89ca21d45d0229c94e30f7306715f9d037000baa714dca0","Labels":{"dev.containers.id":"python","dev.containers.release":"v0.4.16","dev.containers.source":"https://github.com/devcontainers/images","dev.containers.timestamp":"Fri, 30 May 2025 10:57:52 GMT","dev.containers.variant":"3.11-bookworm","devcontainer.metadata":"[ {\"id\":\"ghcr.io/devcontainers/features/common-utils:2\"}, {\"id\":\"ghcr.io/devcontainers/features/git:1\",\"customizations\":{\"vscode\":{\"settings\":{\"github.copilot.chat.codeGeneration.instructions\":[{\"text\":\"This dev container includes an up-to-date version of Git, built from source as needed, pre-installed and available on the `PATH`.\"}]}}}}, {\"id\":\"ghcr.io/devcontainers/features/node:1\",\"customizations\":{\"vscode\":{\"extensions\":[\"dbaeumer.vscode-eslint\"],\"settings\":{\"github.copilot.chat.codeGeneration.instructions\":[{\"text\":\"This dev container includes `node`, `npm` and `eslint` pre-installed and available on the `PATH` for Node.js and JavaScript development.\"}]}}}}, {\"id\":\"ghcr.io/devcontainers/features/python:1\",\"customizations\":{\"vscode\":{\"extensions\":[\"ms-python.python\",\"ms-python.vscode-pylance\",\"ms-python.autopep8\"],\"settings\":{\"github.copilot.chat.codeGeneration.instructions\":[{\"text\":\"This dev container includes `python3` and `pip3` pre-installed and available on the `PATH`, along with the Python language extensions for Python development.\"}],\"python.defaultInterpreterPath\":\"/usr/local/python/current/bin/python\",\"[python]\":{\"editor.defaultFormatter\":\"ms-python.autopep8\"}}}}}, {\"customizations\":{\"vscode\":{\"settings\":{\"python.defaultInterpreterPath\":\"/usr/local/bin/python\"}}},\"remoteUser\":\"vscode\"} ]","version":"1.2.6"},"ParentId":"","RepoDigests":["mcr.microsoft.com/devcontainers/python@sha256:585aca657303ec21e89ca21d45d0229c94e30f7306715f9d037000baa714dca0"],"RepoTags":["mcr.microsoft.com/devcontainers/python:1-3.11-bookworm"],"SharedSize":-1,"Size":2302439123,"VirtualSize":2302439123},{"Containers":-1,"Created":1747924455,"Id":"sha256:23f1f18420c5dac3e5c34157297fca1175d83a35ec8e0c8e38690666bfc06a50","Labels":{"org.opencontainers.image.revision":"b4ee623039a6c60053ce67269701ad9e95073306"},"ParentId":"","RepoDigests":["mcp/git@sha256:23f1f18420c5dac3e5c34157297fca1175d83a35ec8e0c8e38690666bfc06a50"],"RepoTags":["mcp/git:latest"],"SharedSize":-1,"Size":255865828,"VirtualSize":255865828},{"Containers":-1,"Created":1747873746,"Id":"sha256:c5b188baf837b0180a14f988815b9cc7a55b836dd6cbe1b6e6523cf3098faaa8","Labels":null,"ParentId":"","RepoDigests":["mcr.microsoft.com/dotnet/sdk@sha256:c5b188baf837b0180a14f988815b9cc7a55b836dd6cbe1b6e6523cf3098faaa8"],"RepoTags":["mcr.microsoft.com/dotnet/sdk:9.0"],"SharedSize":-1,"Size":1249585355,"VirtualSize":1249585355},{"Containers":-1,"Created":1747873702,"Id":"sha256:d067453026c556115c214e81d4f93adaa190487fad6d7ef4b539eab6f8103d2e","Labels":null,"ParentId":"","RepoDigests":["mcr.microsoft.com/dotnet/runtime@sha256:d067453026c556115c214e81d4f93adaa190487fad6d7ef4b539eab6f8103d2e"],"RepoTags":["mcr.microsoft.com/dotnet/runtime:9.0"],"SharedSize":-1,"Size":319031420,"VirtualSize":319031420},{"Containers":-1,"Created":1747243108,"Id":"sha256:9cb47b8c2db07fdf2dd7b31686ca5a21a28624e268d59ff3bc36a433ab05add1","Labels":{"com.docker.desktop.extension.api.version":"0.3.4","com.docker.desktop.extension.icon":"https://raw.githubusercontent.com/docker/labs-ai-tools-for-devs/main/src/extension/ui/src/assets/extension-icon.png","com.docker.extension.additional-urls":"https://hub.docker.com/catalogs/mcp","com.docker.extension.categories":"utility-tools","com.docker.extension.changelog":"Added MCP catalog","com.docker.extension.detailed-description":"Browse and connect Dockerized MCP servers to your favorite MCP clients","com.docker.extension.publisher-url":"https://www.docker.com/","com.docker.extension.screenshots":"[{\"alt\":\"screenshot of the extension UI\", \"url\":\"https://raw.githubusercontent.com/docker/labs-ai-tools-for-devs/refs/heads/main/src/extension/ui/src/assets/screenshots/screenshot1.png\"}, {\"alt\":\"Screenshot of Tile configuration\", \"url\":\"https://raw.githubusercontent.com/docker/labs-ai-tools-for-devs/refs/heads/main/src/extension/ui/src/assets/screenshots/screenshot2.png\"}, {\"alt\":\"Screenshot of MCP Client configuration\", \"url\":\"https://raw.githubusercontent.com/docker/labs-ai-tools-for-devs/refs/heads/main/src/extension/ui/src/assets/screenshots/screenshot3.png\"}]","org.opencontainers.image.description":"Docker MCP Toolkit is a Docker Desktop Extension allowing to connect dockerized MCP servers to MCP clients","org.opencontainers.image.title":"Docker MCP Toolkit","org.opencontainers.image.vendor":"Docker Inc"},"ParentId":"","RepoDigests":["docker/labs-ai-tools-for-devs@sha256:9cb47b8c2db07fdf2dd7b31686ca5a21a28624e268d59ff3bc36a433ab05add1"],"RepoTags":["docker/labs-ai-tools-for-devs:1.0.1"],"SharedSize":-1,"Size":76127328,"VirtualSize":76127328},{"Containers":-1,"Created":1746225816,"Id":"sha256:4f6c216201641bc17ad7b3f63bc73e025fe4e010227deb7a31eaa2f0424078bd","Labels":null,"ParentId":"","RepoDigests":["mcp/docker@sha256:4f6c216201641bc17ad7b3f63bc73e025fe4e010227deb7a31eaa2f0424078bd"],"RepoTags":["mcp/docker:0.0.17"],"SharedSize":-1,"Size":229973984,"VirtualSize":229973984},{"Containers":-1,"Created":1745953401,"Id":"sha256:87afb62ed6a762bb65b85d53819f3b341fb74a36d1fc0a1153a64f367637bfda","Labels":null,"ParentId":"","RepoDigests":["moby/buildkit@sha256:87afb62ed6a762bb65b85d53819f3b341fb74a36d1fc0a1153a64f367637bfda"],"RepoTags":["moby/buildkit:buildx-stable-1"],"SharedSize":-1,"Size":303556392,"VirtualSize":303556392},{"Containers":-1,"Created":1744647074,"Id":"sha256:2c5f154f4e47ef5008c53ff0c9006b6f5c7d6b119c96015aba4136c50ef48b98","Labels":{"org.opencontainers.image.ref.name":"ubuntu","org.opencontainers.image.version":"24.04"},"ParentId":"","RepoDigests":["mongo@sha256:2c5f154f4e47ef5008c53ff0c9006b6f5c7d6b119c96015aba4136c50ef48b98"],"RepoTags":["mongo:latest"],"SharedSize":-1,"Size":1167041414,"VirtualSize":1167041414},{"Containers":-1,"Created":1744646788,"Id":"sha256:36d9efdcf157e77d0a5582bb20e7ed5dc0ba8e8d4928782c56dc1406e372cd3d","Labels":{"org.opencontainers.image.ref.name":"ubuntu","org.opencontainers.image.version":"22.04"},"ParentId":"","RepoDigests":["mongo@sha256:36d9efdcf157e77d0a5582bb20e7ed5dc0ba8e8d4928782c56dc1406e372cd3d"],"RepoTags":["mongo:7"],"SharedSize":-1,"Size":1049827735,"VirtualSize":1049827735},{"Containers":-1,"Created":1742846829,"Id":"sha256:c457984bd29f04d6acc90c8d9e717afe3922ae14665f3187e0096976fe37b1c8","Labels":null,"ParentId":"","RepoDigests":["\u003cnone\u003e@\u003cnone\u003e"],"RepoTags":["\u003cnone\u003e:\u003cnone\u003e"],"SharedSize":-1,"Size":302915972,"VirtualSize":302915972},{"Containers":-1,"Created":1739759380,"Id":"sha256:d2f586ced0bcf517c3989066bad2b1b80c5ccd7e62f0c5c53c44f78ea953dc55","Labels":{"com.microsoft.product":"Microsoft SQL Server","com.microsoft.version":"16.0.4175.1","org.opencontainers.image.ref.name":"ubuntu","org.opencontainers.image.version":"22.04","vendor":"Microsoft"},"ParentId":"","RepoDigests":["leonasa/mssql-2022-fulltext@sha256:d2f586ced0bcf517c3989066bad2b1b80c5ccd7e62f0c5c53c44f78ea953dc55"],"RepoTags":["leonasa/mssql-2022-fulltext:latest"],"SharedSize":-1,"Size":5052510581,"VirtualSize":5052510581},{"Containers":-1,"Created":1738657665,"Id":"sha256:20767713e03a4a0d1bcd09d8a8606e8b6cfb815ddf96e1a0cf2cc059b57d55c0","Labels":null,"ParentId":"","RepoDigests":["mcr.microsoft.com/dotnet/sdk@sha256:20767713e03a4a0d1bcd09d8a8606e8b6cfb815ddf96e1a0cf2cc059b57d55c0"],"RepoTags":["mcr.microsoft.com/dotnet/sdk:8.0"],"SharedSize":-1,"Size":1233794368,"VirtualSize":1233794368},{"Containers":-1,"Created":1738657628,"Id":"sh"
08:44:02.943 [main] DEBUG com.github.dockerjava.zerodep.shaded.org.apache.hc.client5.http.wire -- http-outgoing-0 << "a256:7429d9e87f20dab5a52b8c5365a83e8b42087ed51d9d133255101c3039773d5b","Labels":null,"ParentId":"","RepoDigests":["mcr.microsoft.com/dotnet/aspnet@sha256:7429d9e87f20dab5a52b8c5365a83e8b42087ed51d9d133255101c3039773d5b"],"RepoTags":["mcr.microsoft.com/dotnet/aspnet:8.0"],"SharedSize":-1,"Size":349586876,"VirtualSize":349586876},{"Containers":-1,"Created":1738567787,"Id":"sha256:612b4e43d96d2c84704cdef576e5e28fc27e1e13c8377e12db5935b50f641374","Labels":null,"ParentId":"","RepoDigests":["mcr.microsoft.com/azure-functions/dotnet@sha256:612b4e43d96d2c84704cdef576e5e28fc27e1e13c8377e12db5935b50f641374"],"RepoTags":["mcr.microsoft.com/azure-functions/dotnet:4"],"SharedSize":-1,"Size":1683832327,"VirtualSize":1683832327},{"Containers":-1,"Created":1737679554,"Id":"sha256:57ca1ceb9f4e2311c219dee8a6a1ac489e473406c52e8a3c010a242796734f0a","Labels":null,"ParentId":"","RepoDigests":["vonwig/inotifywait@sha256:57ca1ceb9f4e2311c219dee8a6a1ac489e473406c52e8a3c010a242796734f0a"],"RepoTags":["vonwig/inotifywait:latest"],"SharedSize":-1,"Size":18275999,"VirtualSize":18275999},{"Containers":-1,"Created":1737398402,"Id":"sha256:14aa1b4dd92ea0a4cd03a54d0c6079046ea98cd0c0ae6176bdd7036ba370cbbe","Labels":null,"ParentId":"","RepoDigests":["\u003cnone\u003e@\u003cnone\u003e"],"RepoTags":["\u003cnone\u003e:\u003cnone\u003e"],"SharedSize":-1,"Size":303277304,"VirtualSize":303277304},{"Containers":-1,"Created":1724744173,"Id":"sha256:448beed1b3fd18e9411dd4b6a26a04f3aa0fccf229502c9665ebe8d628c7d2c5","Labels":{"org.testcontainers.ryuk":"true"},"ParentId":"","RepoDigests":["testcontainers/ryuk@sha256:448beed1b3fd18e9411dd4b6a26a04f3aa0fccf229502c9665ebe8d628c7d2c5"],"RepoTags":["testcontainers/ryuk:0.9.0"],"SharedSize":-1,"Size":28678056,"VirtualSize":28678056},{"Containers":-1,"Created":1716998928,"Id":"sha256:d32bd65cf5843f413e81f5d917057c82da99737cb1637e905a1a4bc2e7ec6c8d","Labels":null,"ParentId":"","RepoDigests":["mcr.microsoft.com/dotnet/sdk@sha256:d32bd65cf5843f413e81f5d917057c82da99737cb1637e905a1a4bc2e7ec6c8d"],"RepoTags":["mcr.microsoft.com/dotnet/sdk:7.0"],"SharedSize":-1,"Size":1180084111,"VirtualSize":1180084111},{"Containers":-1,"Created":1710566222,"Id":"sha256:f98ac9dd97b0612746630033771bc7a8c86408a44a056f3f4be47fc576ec3744","Labels":null,"ParentId":"","RepoDigests":["vault@sha256:f98ac9dd97b0612746630033771bc7a8c86408a44a056f3f4be47fc576ec3744"],"RepoTags":["vault:1.13.3"],"SharedSize":-1,"Size":342427335,"VirtualSize":342427335},{"Containers":-1,"Created":1707801715,"Id":"sha256:24cdd3a7fa89d2bed150560ebea81ff1943badfa61e51d66bb541a6b0d7fb047","Labels":{"architecture":"aarch64","build-date":"2024-01-16T18:44:24","com.redhat.component":"ubi8-minimal-container","com.redhat.license_terms":"https://www.redhat.com/en/about/red-hat-end-user-license-agreements#UBI","description":"Common base image for Confluent's Docker images.","distribution-scope":"public","io.buildah.version":"1.29.0","io.confluent.docker":"true","io.confluent.docker.build.number":"6","io.confluent.docker.git.id":"f38aed949","io.confluent.docker.git.repo":"confluentinc/kafka-images","io.k8s.description":"The Universal Base Image Minimal is a stripped down image that uses microdnf as a package manager. This base image is freely redistributable, but Red Hat only supports Red Hat technologies through subscriptions for Red Hat products. This image is maintained by Red Hat and updated regularly.","io.k8s.display-name":"Red Hat Universal Base Image 8 Minimal","io.openshift.expose-services":"","io.openshift.tags":"minimal rhel8","maintainer":"partner-support@confluent.io","name":"cp-kafka","release":"7.6.0","summary":"Confluent platform Kafka.","url":"https://access.redhat.com/containers/#/registry.access.redhat.com/ubi8-minimal/images/8.9-1108.1705420507","vcs-ref":"7e7670a8c8c9a3be83beaa2787f3703b404d4a1d","vcs-type":"git","vendor":"Confluent","version":"f38aed949"},"ParentId":"","RepoDigests":["confluentinc/cp-kafka@sha256:24cdd3a7fa89d2bed150560ebea81ff1943badfa61e51d66bb541a6b0d7fb047"],"RepoTags":["confluentinc/cp-kafka:7.6.0"],"SharedSize":-1,"Size":1329663282,"VirtualSize":1329663282},{"Containers":-1,"Created":1703658828,"Id":"sha256:6c376c0ba5589e8b0d57d003d71f708e2d4603731d5aaa1e40479dc232a4c242","Labels":null,"ParentId":"","RepoDigests":["mohsinonxrm/azure-functions-dotnet@sha256:6c376c0ba5589e8b0d57d003d71f708e2d4603731d5aaa1e40479dc232a4c242"],"RepoTags":["mohsinonxrm/azure-functions-dotnet:4-isolated8.0"],"SharedSize":-1,"Size":849276080,"VirtualSize":849276080},{"Containers":-1,"Created":1685581956,"Id":"sha256:45894007bc1b54ae9db571328ec38d535b3a17e001a60956eb76f6a6212222d6","Labels":{"architecture":"aarch64","build-date":"2023-05-03T15:02:09","com.redhat.component":"ubi8-minimal-container","com.redhat.license_terms":"https://www.redhat.com/en/about/red-hat-end-user-license-agreements#UBI","description":"Confluent Schema Registry provides a RESTful interface for developers to define standard schemas for their events, share them across the organization and safely evolve them in a way that is backward compatible and future proof.","distribution-scope":"public","io.buildah.version":"1.27.3","io.confluent.docker":"true","io.confluent.docker.build.number":"4","io.confluent.docker.git.id":"73794757","io.confluent.docker.git.repo":"confluentinc/schema-registry-images","io.k8s.description":"The Universal Base Image Minimal is a stripped down image that uses microdnf as a package manager. This base image is freely redistributable, but Red Hat only supports Red Hat technologies through subscriptions for Red Hat products. This image is maintained by Red Hat and updated regularly.","io.k8s.display-name":"Red Hat Universal Base Image 8 Minimal","io.openshift.expose-services":"","io.openshift.tags":"minimal rhel8","maintainer":"partner-support@confluent.io","name":"cp-schema-registry","release":"7.4.0","summary":"Confluent Schema Registry provides a RESTful interface for developers to define standard schemas for their events, share them across the organization and safely evolve them in a way that is backward compatible and future proof.","url":"https://access.redhat.com/containers/#/registry.access.redhat.com/ubi8-minimal/images/8.8-860","vcs-ref":"dee8029ddcc7ecbfbebb0905d2b15e134338616c","vcs-type":"git","vendor":"Confluent","version":"73794757"},"ParentId":"","RepoDigests":["confluentinc/cp-schema-registry@sha256:45894007bc1b54ae9db571328ec38d535b3a17e001a60956eb76f6a6212222d6"],"RepoTags":["confluentinc/cp-schema-registry:7.4.0"],"SharedSize":-1,"Size":3418540528,"VirtualSize":3418540528},{"Containers":-1,"Created":1685581650,"Id":"sha256:187dac6627e7906c350f5f8c982f80ce735ff1a0e571a20de6000a309a12ce63","Labels":{"architecture":"aarch64","build-date":"2023-05-03T15:02:09","com.redhat.component":"ubi8-minimal-container","com.redhat.license_terms":"https://www.redhat.com/en/about/red-hat-end-user-license-agreements#UBI","description":"Common base image for Confluent's Docker images.","distribution-scope":"public","io.buildah.version":"1.27.3","io.confluent.docker":"true","io.confluent.docker.build.number":"5","io.confluent.docker.git.id":"d0965a30f","io.confluent.docker.git.repo":"confluentinc/kafka-images","io.k8s.description":"The Universal Base Image Minimal is a stripped down image that uses microdnf as a package manager. This base image is freely redistributable, but Red Hat only supports Red Hat technologies through subscriptions for Red Hat products. This image is maintained by Red Hat and updated regularly.","io.k8s.display-name":"Red Hat Universal Base Image 8 Minimal","io.openshift.expose-services":"","io.openshift.tags":"minimal rhel8","maintainer":"partner-support@confluent.io","name":"cp-kafka","release":"7.4.0","summary":"Confluent platform Kafka.","url":"https://access.redhat.com/containers/#/registry.access.redhat.com/ubi8-minimal/images/8.8-860","vcs-ref":"dee8029ddcc7ecbfbebb0905d2b15e134338616c","vcs-type":"git","vendor":"Confluent","version":"d0965a30f"},"ParentId":"","RepoDigests"
08:44:02.945 [main] DEBUG com.github.dockerjava.zerodep.shaded.org.apache.hc.client5.http.wire -- http-outgoing-0 << "":["confluentinc/cp-kafka@sha256:187dac6627e7906c350f5f8c982f80ce735ff1a0e571a20de6000a309a12ce63"],"RepoTags":["confluentinc/cp-kafka:7.4.0"],"SharedSize":-1,"Size":1337223096,"VirtualSize":1337223096},{"Containers":-1,"Created":1684336517,"Id":"sha256:533abc56c07b52a26c955d1e7ae428d810582ab01c156384ae79960eb5fa0775","Labels":{"org.testcontainers.ryuk":"true"},"ParentId":"","RepoDigests":["testcontainers/ryuk@sha256:533abc56c07b52a26c955d1e7ae428d810582ab01c156384ae79960eb5fa0775"],"RepoTags":["testcontainers/ryuk:0.5.1"],"SharedSize":-1,"Size":19273672,"VirtualSize":19273672},{"Containers":-1,"Created":1668427695,"Id":"sha256:ad4e47cc256ce3fad4dbfd23a92062d247ec54161344239dd571401c6a0067ca","Labels":null,"ParentId":"","RepoDigests":["markhobson/sqlpackage@sha256:ad4e47cc256ce3fad4dbfd23a92062d247ec54161344239dd571401c6a0067ca"],"RepoTags":["markhobson/sqlpackage:latest"],"SharedSize":-1,"Size":491548486,"VirtualSize":491548486},{"Containers":-1,"Created":1667435059,"Id":"sha256:6a53ad970c0304750839f1be850d137069d748beca8d099901d92f0c19fd3be2","Labels":{"maintainer":"Rodolphe CHAIGNEAU \u003crodolphe.chaigneau@gmail.com\u003e"},"ParentId":"","RepoDigests":["wiremock/wiremock@sha256:6a53ad970c0304750839f1be850d137069d748beca8d099901d92f0c19fd3be2"],"RepoTags":["wiremock/wiremock:2.35.0"],"SharedSize":-1,"Size":368238882,"VirtualSize":368238882},{"Containers":-1,"Created":0,"Id":"sha256:1961bbea536e74b1103eb3ef61a8c98527cfa2c3db79e40bd611a31fd4e2f1d6","Labels":null,"ParentId":"","RepoDigests":["sha256:1961bbea536e74b1103eb3ef61a8c98527cfa2c3db79e40bd611a31fd4e2f1d6"],"RepoTags":["pricerqxdev/mssql-2022-fulltext:latest"],"SharedSize":-1,"Size":820878854,"VirtualSize":820878854}][\n]"
08:44:02.945 [main] DEBUG com.github.dockerjava.zerodep.shaded.org.apache.hc.client5.http.wire -- http-outgoing-0 << "[\r][\n]"
08:44:02.945 [main] DEBUG com.github.dockerjava.zerodep.shaded.org.apache.hc.client5.http.wire -- http-outgoing-0 << "0[\r][\n]"
08:44:02.945 [main] DEBUG com.github.dockerjava.zerodep.shaded.org.apache.hc.client5.http.wire -- http-outgoing-0 << "[\r][\n]"
08:44:02.945 [main] DEBUG com.github.dockerjava.zerodep.shaded.org.apache.hc.client5.http.impl.classic.InternalHttpClient -- ep-00000002: releasing valid endpoint
08:44:02.945 [main] DEBUG com.github.dockerjava.zerodep.shaded.org.apache.hc.client5.http.impl.io.PoolingHttpClientConnectionManager -- ep-00000002: releasing endpoint
08:44:02.945 [main] DEBUG com.github.dockerjava.zerodep.shaded.org.apache.hc.client5.http.impl.io.PoolingHttpClientConnectionManager -- ep-00000002: connection http-outgoing-0 can be kept alive for 3 MINUTES
08:44:02.945 [main] DEBUG com.github.dockerjava.zerodep.shaded.org.apache.hc.client5.http.impl.io.PoolingHttpClientConnectionManager -- ep-00000002: connection released [route: {}->unix://localhost:2375][total available: 1; route allocated: 1 of 2147483647; total allocated: 1 of 2147483647]
08:44:02.947 [main] DEBUG org.testcontainers.images.AbstractImagePullPolicy -- Using locally available and not pulling image: testcontainers/ryuk:0.5.1
08:44:02.947 [main] DEBUG tc.testcontainers/ryuk:0.5.1 -- Starting container: testcontainers/ryuk:0.5.1
08:44:02.947 [main] DEBUG tc.testcontainers/ryuk:0.5.1 -- Trying to start container: testcontainers/ryuk:0.5.1 (attempt 1/1)
08:44:02.947 [main] DEBUG tc.testcontainers/ryuk:0.5.1 -- Starting container: testcontainers/ryuk:0.5.1
08:44:02.947 [main] INFO tc.testcontainers/ryuk:0.5.1 -- Creating container for image: testcontainers/ryuk:0.5.1
08:44:02.949 [main] DEBUG org.testcontainers.utility.RegistryAuthLocator -- Looking up auth config for image: testcontainers/ryuk:0.5.1 at registry: https://index.docker.io/v1/
08:44:02.950 [main] DEBUG org.testcontainers.utility.RegistryAuthLocator -- RegistryAuthLocator has configFile: /Users/leonardosantana/.docker/config.json (exists) configEnv: DOCKER_AUTH_CONFIG (does not exist) and commandPathPrefix: 
08:44:02.950 [main] DEBUG org.testcontainers.utility.RegistryAuthLocator -- RegistryAuthLocator reading from configFile: /Users/leonardosantana/.docker/config.json
08:44:02.950 [main] DEBUG org.testcontainers.utility.RegistryAuthLocator -- registryName [https://index.docker.io/v1/] for dockerImageName [testcontainers/ryuk:0.5.1]
08:44:02.950 [main] DEBUG org.testcontainers.utility.RegistryAuthLocator -- Executing docker credential provider: docker-credential-desktop to locate auth config for: https://index.docker.io/v1/
08:44:02.952 [main] DEBUG org.testcontainers.shaded.org.zeroturnaround.exec.ProcessExecutor -- Executing [docker-credential-desktop, get].
08:44:02.958 [main] DEBUG org.testcontainers.shaded.org.zeroturnaround.exec.ProcessExecutor -- Started Process[pid=26555, exitValue="not exited"]
08:44:03.072 [WaitForProcess-Process[pid=26555, exitValue="not exited"]] DEBUG org.testcontainers.shaded.org.zeroturnaround.exec.WaitForProcess -- Process[pid=26555, exitValue=0] stopped with exit code 0
08:44:03.073 [main] DEBUG org.testcontainers.utility.RegistryAuthLocator -- Credential helper/store provided auth config for: https://index.docker.io/v1/
08:44:03.074 [main] DEBUG org.testcontainers.utility.RegistryAuthLocator -- found creds store auth config [AuthConfig{username=leonasa, password=hidden non-blank value, auth=blank, email=null, registryAddress=https://index.docker.io/v1/, registryToken=blank}]
08:44:03.074 [main] DEBUG org.testcontainers.utility.RegistryAuthLocator -- Cached auth found: [AuthConfig{username=leonasa, password=hidden non-blank value, auth=blank, email=null, registryAddress=https://index.docker.io/v1/, registryToken=blank}]
08:44:03.074 [main] DEBUG org.testcontainers.dockerclient.AuthDelegatingDockerClientConfig -- Effective auth config [AuthConfig{username=leonasa, password=hidden non-blank value, auth=blank, email=null, registryAddress=https://index.docker.io/v1/, registryToken=blank}]
08:44:03.078 [main] DEBUG org.testcontainers.shaded.com.github.dockerjava.core.command.AbstrDockerCmd -- Cmd: org.testcontainers.shaded.com.github.dockerjava.core.command.CreateContainerCmdImpl@72458efc[aliases=<null>,argsEscaped=<null>,attachStderr=<null>,attachStdin=<null>,attachStdout=<null>,authConfig=AuthConfig(username=leonasa, email=null, registryAddress=https://index.docker.io/v1/, stackOrchestrator=null),cmd={},domainName=<null>,entrypoint=<null>,env={},exposedPorts=ExposedPorts(exposedPorts=[8080/tcp]),healthcheck=<null>,hostConfig=HostConfig(binds=[/var/run/docker.sock:/var/run/docker.sock:rw], blkioWeight=null, blkioWeightDevice=null, blkioDeviceReadBps=null, blkioDeviceWriteBps=null, blkioDeviceReadIOps=null, blkioDeviceWriteIOps=null, memorySwappiness=null, nanoCPUs=null, capAdd=null, capDrop=null, containerIDFile=null, cpuPeriod=null, cpuRealtimePeriod=null, cpuRealtimeRuntime=null, cpuShares=null, cpuQuota=null, cpusetCpus=null, cpusetMems=null, devices=null, deviceCgroupRules=null, deviceRequests=null, diskQuota=null, dns=null, dnsOptions=null, dnsSearch=null, extraHosts=[], groupAdd=null, ipcMode=null, cgroup=null, links=[], logConfig=LogConfig(type=null, config=null), lxcConf=null, memory=null, memorySwap=null, memoryReservation=null, kernelMemory=null, networkMode=null, oomKillDisable=null, init=null, autoRemove=true, oomScoreAdj=null, portBindings={8080/tcp=[Lcom.github.dockerjava.api.model.Ports$Binding;@6d467c87}, privileged=true, publishAllPorts=null, readonlyRootfs=null, restartPolicy=null, ulimits=null, cpuCount=null, cpuPercent=null, ioMaximumIOps=null, ioMaximumBandwidth=null, volumesFrom=[], mounts=null, pidMode=null, isolation=null, securityOpts=null, storageOpt=null, cgroupParent=null, volumeDriver=null, shmSize=null, pidsLimit=null, runtime=null, tmpFs=null, utSMode=null, usernsMode=null, sysctls=null, consoleSize=null, cgroupnsMode=null),hostName=<null>,image=testcontainers/ryuk:0.5.1,ipv4Address=<null>,ipv6Address=<null>,labels={org.testcontainers=true, org.testcontainers.lang=java, org.testcontainers.version=1.19.3},macAddress=<null>,name=testcontainers-ryuk-e55372a0-92c5-4bbe-9a39-66bcbdc7a018,networkDisabled=<null>,networkingConfig=<null>,onBuild=<null>,platform=<null>,portSpecs=<null>,shell=<null>,stdInOnce=<null>,stdinOpen=<null>,stopSignal=<null>,stopTimeout=<null>,tty=<null>,user=<null>,volumes=Volumes(volumes=[]),workingDir=<null>]
08:44:03.109 [main] DEBUG com.github.dockerjava.zerodep.shaded.org.apache.hc.client5.http.impl.classic.InternalHttpClient -- ex-00000004: preparing request execution
08:44:03.110 [main] DEBUG com.github.dockerjava.zerodep.shaded.org.apache.hc.client5.http.protocol.RequestAddCookies -- Cookie spec selected: strict
08:44:03.110 [main] DEBUG com.github.dockerjava.zerodep.shaded.org.apache.hc.client5.http.protocol.RequestAuthCache -- Auth cache not set in the context
08:44:03.110 [main] DEBUG com.github.dockerjava.zerodep.shaded.org.apache.hc.client5.http.impl.classic.ProtocolExec -- ex-00000004: target auth state: UNCHALLENGED
08:44:03.110 [main] DEBUG com.github.dockerjava.zerodep.shaded.org.apache.hc.client5.http.impl.classic.ProtocolExec -- ex-00000004: proxy auth state: UNCHALLENGED
08:44:03.110 [main] DEBUG com.github.dockerjava.zerodep.shaded.org.apache.hc.client5.http.impl.classic.ConnectExec -- ex-00000004: acquiring connection with route {}->unix://localhost:2375
08:44:03.110 [main] DEBUG com.github.dockerjava.zerodep.shaded.org.apache.hc.client5.http.impl.classic.InternalHttpClient -- ex-00000004: acquiring endpoint (3 MINUTES)
08:44:03.110 [main] DEBUG com.github.dockerjava.zerodep.shaded.org.apache.hc.client5.http.impl.io.PoolingHttpClientConnectionManager -- ex-00000004: endpoint lease request (3 MINUTES) [route: {}->unix://localhost:2375][total available: 1; route allocated: 1 of 2147483647; total allocated: 1 of 2147483647]
08:44:03.110 [main] DEBUG com.github.dockerjava.zerodep.shaded.org.apache.hc.client5.http.impl.io.PoolingHttpClientConnectionManager -- ex-00000004: endpoint leased [route: {}->unix://localhost:2375][total available: 0; route allocated: 1 of 2147483647; total allocated: 1 of 2147483647]
08:44:03.110 [main] DEBUG com.github.dockerjava.zerodep.shaded.org.apache.hc.client5.http.impl.io.PoolingHttpClientConnectionManager -- ex-00000004: acquired ep-00000003
08:44:03.110 [main] DEBUG com.github.dockerjava.zerodep.shaded.org.apache.hc.client5.http.impl.classic.InternalHttpClient -- ex-00000004: acquired endpoint ep-00000003
08:44:03.110 [main] DEBUG com.github.dockerjava.zerodep.shaded.org.apache.hc.client5.http.impl.classic.MainClientExec -- ex-00000004: executing POST /v1.32/containers/create?name=testcontainers-ryuk-e55372a0-92c5-4bbe-9a39-66bcbdc7a018 HTTP/1.1
08:44:03.110 [main] DEBUG com.github.dockerjava.zerodep.shaded.org.apache.hc.client5.http.impl.classic.InternalHttpClient -- ep-00000003: start execution ex-00000004
08:44:03.110 [main] DEBUG com.github.dockerjava.zerodep.shaded.org.apache.hc.client5.http.impl.io.PoolingHttpClientConnectionManager -- ep-00000003: executing exchange ex-00000004 over http-outgoing-0
08:44:03.110 [main] DEBUG com.github.dockerjava.zerodep.shaded.org.apache.hc.client5.http.headers -- http-outgoing-0 >> POST /v1.32/containers/create?name=testcontainers-ryuk-e55372a0-92c5-4bbe-9a39-66bcbdc7a018 HTTP/1.1
08:44:03.110 [main] DEBUG com.github.dockerjava.zerodep.shaded.org.apache.hc.client5.http.headers -- http-outgoing-0 >> X-Registry-Auth: eyJ1c2VybmFtZSI6Imxlb25hc2EiLCJwYXNzd29yZCI6ImRja3JfcGF0X0R4Q2JHQy1zTE5ENjFfQzJhZGR6SE5vQkUwRSIsImVtYWlsIjpudWxsLCJzZXJ2ZXJhZGRyZXNzIjoiaHR0cHM6Ly9pbmRleC5kb2NrZXIuaW8vdjEvIiwiYXV0aCI6bnVsbCwicmVnaXN0cnl0b2tlbiI6bnVsbCwiaWRlbnRpdHl0b2tlbiI6bnVsbCwic3RhY2tPcmNoZXN0cmF0b3IiOm51bGx9
08:44:03.110 [main] DEBUG com.github.dockerjava.zerodep.shaded.org.apache.hc.client5.http.headers -- http-outgoing-0 >> accept: application/json
08:44:03.110 [main] DEBUG com.github.dockerjava.zerodep.shaded.org.apache.hc.client5.http.headers -- http-outgoing-0 >> content-type: application/json
08:44:03.110 [main] DEBUG com.github.dockerjava.zerodep.shaded.org.apache.hc.client5.http.headers -- http-outgoing-0 >> x-tc-sid: e55372a0-92c5-4bbe-9a39-66bcbdc7a018
08:44:03.110 [main] DEBUG com.github.dockerjava.zerodep.shaded.org.apache.hc.client5.http.headers -- http-outgoing-0 >> User-Agent: tc-java/1.19.3
08:44:03.110 [main] DEBUG com.github.dockerjava.zerodep.shaded.org.apache.hc.client5.http.headers -- http-outgoing-0 >> Accept-Encoding: gzip, x-gzip, deflate
08:44:03.110 [main] DEBUG com.github.dockerjava.zerodep.shaded.org.apache.hc.client5.http.headers -- http-outgoing-0 >> Content-Length: 1954
08:44:03.110 [main] DEBUG com.github.dockerjava.zerodep.shaded.org.apache.hc.client5.http.headers -- http-outgoing-0 >> Host: localhost:2375
08:44:03.110 [main] DEBUG com.github.dockerjava.zerodep.shaded.org.apache.hc.client5.http.headers -- http-outgoing-0 >> Connection: keep-alive
08:44:03.110 [main] DEBUG com.github.dockerjava.zerodep.shaded.org.apache.hc.client5.http.wire -- http-outgoing-0 >> "POST /v1.32/containers/create?name=testcontainers-ryuk-e55372a0-92c5-4bbe-9a39-66bcbdc7a018 HTTP/1.1[\r][\n]"
08:44:03.110 [main] DEBUG com.github.dockerjava.zerodep.shaded.org.apache.hc.client5.http.wire -- http-outgoing-0 >> "X-Registry-Auth: eyJ1c2VybmFtZSI6Imxlb25hc2EiLCJwYXNzd29yZCI6ImRja3JfcGF0X0R4Q2JHQy1zTE5ENjFfQzJhZGR6SE5vQkUwRSIsImVtYWlsIjpudWxsLCJzZXJ2ZXJhZGRyZXNzIjoiaHR0cHM6Ly9pbmRleC5kb2NrZXIuaW8vdjEvIiwiYXV0aCI6bnVsbCwicmVnaXN0cnl0b2tlbiI6bnVsbCwiaWRlbnRpdHl0b2tlbiI6bnVsbCwic3RhY2tPcmNoZXN0cmF0b3IiOm51bGx9[\r][\n]"
08:44:03.110 [main] DEBUG com.github.dockerjava.zerodep.shaded.org.apache.hc.client5.http.wire -- http-outgoing-0 >> "accept: application/json[\r][\n]"
08:44:03.110 [main] DEBUG com.github.dockerjava.zerodep.shaded.org.apache.hc.client5.http.wire -- http-outgoing-0 >> "content-type: application/json[\r][\n]"
08:44:03.110 [main] DEBUG com.github.dockerjava.zerodep.shaded.org.apache.hc.client5.http.wire -- http-outgoing-0 >> "x-tc-sid: e55372a0-92c5-4bbe-9a39-66bcbdc7a018[\r][\n]"
08:44:03.111 [main] DEBUG com.github.dockerjava.zerodep.shaded.org.apache.hc.client5.http.wire -- http-outgoing-0 >> "User-Agent: tc-java/1.19.3[\r][\n]"
08:44:03.111 [main] DEBUG com.github.dockerjava.zerodep.shaded.org.apache.hc.client5.http.wire -- http-outgoing-0 >> "Accept-Encoding: gzip, x-gzip, deflate[\r][\n]"
08:44:03.111 [main] DEBUG com.github.dockerjava.zerodep.shaded.org.apache.hc.client5.http.wire -- http-outgoing-0 >> "Content-Length: 1954[\r][\n]"
08:44:03.111 [main] DEBUG com.github.dockerjava.zerodep.shaded.org.apache.hc.client5.http.wire -- http-outgoing-0 >> "Host: localhost:2375[\r][\n]"
08:44:03.111 [main] DEBUG com.github.dockerjava.zerodep.shaded.org.apache.hc.client5.http.wire -- http-outgoing-0 >> "Connection: keep-alive[\r][\n]"
08:44:03.111 [main] DEBUG com.github.dockerjava.zerodep.shaded.org.apache.hc.client5.http.wire -- http-outgoing-0 >> "[\r][\n]"
08:44:03.111 [main] DEBUG com.github.dockerjava.zerodep.shaded.org.apache.hc.client5.http.wire -- http-outgoing-0 >> "{"Hostname":null,"Domainname":null,"User":null,"AttachStdin":null,"AttachStdout":null,"AttachStderr":null,"PortSpecs":null,"Tty":null,"OpenStdin":null,"StdinOnce":null,"Env":[],"Cmd":[],"Healthcheck":null,"ArgsEscaped":null,"Entrypoint":null,"Image":"testcontainers/ryuk:0.5.1","Volumes":{},"WorkingDir":null,"MacAddress":null,"OnBuild":null,"NetworkDisabled":null,"ExposedPorts":{"8080/tcp":{}},"StopSignal":null,"StopTimeout":null,"HostConfig":{"Binds":["/var/run/docker.sock:/var/run/docker.sock:rw"],"BlkioWeight":null,"BlkioWeightDevice":null,"BlkioDeviceReadBps":null,"BlkioDeviceWriteBps":null,"BlkioDeviceReadIOps":null,"BlkioDeviceWriteIOps":null,"MemorySwappiness":null,"NanoCpus":null,"CapAdd":null,"CapDrop":null,"ContainerIDFile":null,"CpuPeriod":null,"CpuRealtimePeriod":null,"CpuRealtimeRuntime":null,"CpuShares":null,"CpuQuota":null,"CpusetCpus":null,"CpusetMems":null,"Devices":null,"DeviceCgroupRules":null,"DeviceRequests":null,"DiskQuota":null,"Dns":null,"DnsOptions":null,"DnsSearch":null,"ExtraHosts":[],"GroupAdd":null,"IpcMode":null,"Cgroup":null,"Links":[],"LogConfig":null,"LxcConf":null,"Memory":null,"MemorySwap":null,"MemoryReservation":null,"KernelMemory":null,"NetworkMode":null,"OomKillDisable":null,"Init":null,"AutoRemove":true,"OomScoreAdj":null,"PortBindings":{"8080/tcp":[{"HostIp":"","HostPort":""}]},"Privileged":true,"PublishAllPorts":null,"ReadonlyRootfs":null,"RestartPolicy":null,"Ulimits":null,"CpuCount":null,"CpuPercent":null,"IOMaximumIOps":null,"IOMaximumBandwidth":null,"VolumesFrom":[],"Mounts":null,"PidMode":null,"Isolation":null,"SecurityOpt":null,"StorageOpt":null,"CgroupParent":null,"VolumeDriver":null,"ShmSize":null,"PidsLimit":null,"Runtime":null,"Tmpfs":null,"UTSMode":null,"UsernsMode":null,"Sysctls":null,"ConsoleSize":null,"CgroupnsMode":null},"Labels":{"org.testcontainers":"true","org.testcontainers.lang":"java","org.testcontainers.version":"1.19.3"},"Shell":null,"NetworkingConfig":null}"
08:44:03.142 [main] DEBUG com.github.dockerjava.zerodep.shaded.org.apache.hc.client5.http.wire -- http-outgoing-0 << "HTTP/1.1 201 Created[\r][\n]"
08:44:03.142 [main] DEBUG com.github.dockerjava.zerodep.shaded.org.apache.hc.client5.http.wire -- http-outgoing-0 << "Api-Version: 1.49[\r][\n]"
08:44:03.142 [main] DEBUG com.github.dockerjava.zerodep.shaded.org.apache.hc.client5.http.wire -- http-outgoing-0 << "Content-Type: application/json[\r][\n]"
08:44:03.143 [main] DEBUG com.github.dockerjava.zerodep.shaded.org.apache.hc.client5.http.wire -- http-outgoing-0 << "Date: Tue, 29 Jul 2025 12:44:02 GMT[\r][\n]"
08:44:03.143 [main] DEBUG com.github.dockerjava.zerodep.shaded.org.apache.hc.client5.http.wire -- http-outgoing-0 << "Docker-Experimental: false[\r][\n]"
08:44:03.143 [main] DEBUG com.github.dockerjava.zerodep.shaded.org.apache.hc.client5.http.wire -- http-outgoing-0 << "Ostype: linux[\r][\n]"
08:44:03.143 [main] DEBUG com.github.dockerjava.zerodep.shaded.org.apache.hc.client5.http.wire -- http-outgoing-0 << "Server: Docker/28.1.1 (linux)[\r][\n]"
08:44:03.143 [main] DEBUG com.github.dockerjava.zerodep.shaded.org.apache.hc.client5.http.wire -- http-outgoing-0 << "Transfer-Encoding: chunked[\r][\n]"
08:44:03.143 [main] DEBUG com.github.dockerjava.zerodep.shaded.org.apache.hc.client5.http.wire -- http-outgoing-0 << "[\r][\n]"
08:44:03.143 [main] DEBUG com.github.dockerjava.zerodep.shaded.org.apache.hc.client5.http.wire -- http-outgoing-0 << "58[\r][\n]"
08:44:03.143 [main] DEBUG com.github.dockerjava.zerodep.shaded.org.apache.hc.client5.http.wire -- http-outgoing-0 << "{"Id":"b60b267a714c9bc49578a7cc29e3e19c9c218e91895de7865d9ffec42fdb4228","Warnings":[]}[\n]"
08:44:03.143 [main] DEBUG com.github.dockerjava.zerodep.shaded.org.apache.hc.client5.http.wire -- http-outgoing-0 << "[\r][\n]"
08:44:03.143 [main] DEBUG com.github.dockerjava.zerodep.shaded.org.apache.hc.client5.http.wire -- http-outgoing-0 << "0[\r][\n]"
08:44:03.143 [main] DEBUG com.github.dockerjava.zerodep.shaded.org.apache.hc.client5.http.wire -- http-outgoing-0 << "[\r][\n]"
08:44:03.143 [main] DEBUG com.github.dockerjava.zerodep.shaded.org.apache.hc.client5.http.headers -- http-outgoing-0 << HTTP/1.1 201 Created
08:44:03.143 [main] DEBUG com.github.dockerjava.zerodep.shaded.org.apache.hc.client5.http.headers -- http-outgoing-0 << Api-Version: 1.49
08:44:03.143 [main] DEBUG com.github.dockerjava.zerodep.shaded.org.apache.hc.client5.http.headers -- http-outgoing-0 << Content-Type: application/json
08:44:03.143 [main] DEBUG com.github.dockerjava.zerodep.shaded.org.apache.hc.client5.http.headers -- http-outgoing-0 << Date: Tue, 29 Jul 2025 12:44:02 GMT
08:44:03.143 [main] DEBUG com.github.dockerjava.zerodep.shaded.org.apache.hc.client5.http.headers -- http-outgoing-0 << Docker-Experimental: false
08:44:03.143 [main] DEBUG com.github.dockerjava.zerodep.shaded.org.apache.hc.client5.http.headers -- http-outgoing-0 << Ostype: linux
08:44:03.143 [main] DEBUG com.github.dockerjava.zerodep.shaded.org.apache.hc.client5.http.headers -- http-outgoing-0 << Server: Docker/28.1.1 (linux)
08:44:03.143 [main] DEBUG com.github.dockerjava.zerodep.shaded.org.apache.hc.client5.http.headers -- http-outgoing-0 << Transfer-Encoding: chunked
08:44:03.143 [main] DEBUG com.github.dockerjava.zerodep.shaded.org.apache.hc.client5.http.impl.classic.MainClientExec -- ex-00000004: connection can be kept alive for 3 MINUTES
08:44:03.144 [main] DEBUG com.github.dockerjava.zerodep.shaded.org.apache.hc.client5.http.impl.classic.InternalHttpClient -- ep-00000003: releasing valid endpoint
08:44:03.144 [main] DEBUG com.github.dockerjava.zerodep.shaded.org.apache.hc.client5.http.impl.io.PoolingHttpClientConnectionManager -- ep-00000003: releasing endpoint
08:44:03.144 [main] DEBUG com.github.dockerjava.zerodep.shaded.org.apache.hc.client5.http.impl.io.PoolingHttpClientConnectionManager -- ep-00000003: connection http-outgoing-0 can be kept alive for 3 MINUTES
08:44:03.144 [main] DEBUG com.github.dockerjava.zerodep.shaded.org.apache.hc.client5.http.impl.io.PoolingHttpClientConnectionManager -- ep-00000003: connection released [route: {}->unix://localhost:2375][total available: 1; route allocated: 1 of 2147483647; total allocated: 1 of 2147483647]
08:44:03.146 [main] INFO tc.testcontainers/ryuk:0.5.1 -- Container testcontainers/ryuk:0.5.1 is starting: b60b267a714c9bc49578a7cc29e3e19c9c218e91895de7865d9ffec42fdb4228
08:44:03.146 [main] DEBUG org.testcontainers.shaded.com.github.dockerjava.core.command.AbstrDockerCmd -- Cmd: b60b267a714c9bc49578a7cc29e3e19c9c218e91895de7865d9ffec42fdb4228
08:44:03.146 [main] DEBUG com.github.dockerjava.zerodep.shaded.org.apache.hc.client5.http.impl.classic.InternalHttpClient -- ex-00000005: preparing request execution
08:44:03.146 [main] DEBUG com.github.dockerjava.zerodep.shaded.org.apache.hc.client5.http.protocol.RequestAddCookies -- Cookie spec selected: strict
08:44:03.146 [main] DEBUG com.github.dockerjava.zerodep.shaded.org.apache.hc.client5.http.protocol.RequestAuthCache -- Auth cache not set in the context
08:44:03.146 [main] DEBUG com.github.dockerjava.zerodep.shaded.org.apache.hc.client5.http.impl.classic.ProtocolExec -- ex-00000005: target auth state: UNCHALLENGED
08:44:03.146 [main] DEBUG com.github.dockerjava.zerodep.shaded.org.apache.hc.client5.http.impl.classic.ProtocolExec -- ex-00000005: proxy auth state: UNCHALLENGED
08:44:03.146 [main] DEBUG com.github.dockerjava.zerodep.shaded.org.apache.hc.client5.http.impl.classic.ConnectExec -- ex-00000005: acquiring connection with route {}->unix://localhost:2375
08:44:03.146 [main] DEBUG com.github.dockerjava.zerodep.shaded.org.apache.hc.client5.http.impl.classic.InternalHttpClient -- ex-00000005: acquiring endpoint (3 MINUTES)
08:44:03.146 [main] DEBUG com.github.dockerjava.zerodep.shaded.org.apache.hc.client5.http.impl.io.PoolingHttpClientConnectionManager -- ex-00000005: endpoint lease request (3 MINUTES) [route: {}->unix://localhost:2375][total available: 1; route allocated: 1 of 2147483647; total allocated: 1 of 2147483647]
08:44:03.147 [main] DEBUG com.github.dockerjava.zerodep.shaded.org.apache.hc.client5.http.impl.io.PoolingHttpClientConnectionManager -- ex-00000005: endpoint leased [route: {}->unix://localhost:2375][total available: 0; route allocated: 1 of 2147483647; total allocated: 1 of 2147483647]
08:44:03.147 [main] DEBUG com.github.dockerjava.zerodep.shaded.org.apache.hc.client5.http.impl.io.PoolingHttpClientConnectionManager -- ex-00000005: acquired ep-00000004
08:44:03.147 [main] DEBUG com.github.dockerjava.zerodep.shaded.org.apache.hc.client5.http.impl.classic.InternalHttpClient -- ex-00000005: acquired endpoint ep-00000004
08:44:03.147 [main] DEBUG com.github.dockerjava.zerodep.shaded.org.apache.hc.client5.http.impl.classic.MainClientExec -- ex-00000005: executing POST /v1.32/containers/b60b267a714c9bc49578a7cc29e3e19c9c218e91895de7865d9ffec42fdb4228/start HTTP/1.1
08:44:03.147 [main] DEBUG com.github.dockerjava.zerodep.shaded.org.apache.hc.client5.http.impl.classic.InternalHttpClient -- ep-00000004: start execution ex-00000005
08:44:03.147 [main] DEBUG com.github.dockerjava.zerodep.shaded.org.apache.hc.client5.http.impl.io.PoolingHttpClientConnectionManager -- ep-00000004: executing exchange ex-00000005 over http-outgoing-0
08:44:03.147 [main] DEBUG com.github.dockerjava.zerodep.shaded.org.apache.hc.client5.http.headers -- http-outgoing-0 >> POST /v1.32/containers/b60b267a714c9bc49578a7cc29e3e19c9c218e91895de7865d9ffec42fdb4228/start HTTP/1.1
08:44:03.147 [main] DEBUG com.github.dockerjava.zerodep.shaded.org.apache.hc.client5.http.headers -- http-outgoing-0 >> accept: application/json
08:44:03.147 [main] DEBUG com.github.dockerjava.zerodep.shaded.org.apache.hc.client5.http.headers -- http-outgoing-0 >> content-type: application/json
08:44:03.147 [main] DEBUG com.github.dockerjava.zerodep.shaded.org.apache.hc.client5.http.headers -- http-outgoing-0 >> x-tc-sid: e55372a0-92c5-4bbe-9a39-66bcbdc7a018
08:44:03.147 [main] DEBUG com.github.dockerjava.zerodep.shaded.org.apache.hc.client5.http.headers -- http-outgoing-0 >> User-Agent: tc-java/1.19.3
08:44:03.147 [main] DEBUG com.github.dockerjava.zerodep.shaded.org.apache.hc.client5.http.headers -- http-outgoing-0 >> Accept-Encoding: gzip, x-gzip, deflate
08:44:03.147 [main] DEBUG com.github.dockerjava.zerodep.shaded.org.apache.hc.client5.http.headers -- http-outgoing-0 >> Host: localhost:2375
08:44:03.147 [main] DEBUG com.github.dockerjava.zerodep.shaded.org.apache.hc.client5.http.headers -- http-outgoing-0 >> Connection: keep-alive
08:44:03.147 [main] DEBUG com.github.dockerjava.zerodep.shaded.org.apache.hc.client5.http.wire -- http-outgoing-0 >> "POST /v1.32/containers/b60b267a714c9bc49578a7cc29e3e19c9c218e91895de7865d9ffec42fdb4228/start HTTP/1.1[\r][\n]"
08:44:03.147 [main] DEBUG com.github.dockerjava.zerodep.shaded.org.apache.hc.client5.http.wire -- http-outgoing-0 >> "accept: application/json[\r][\n]"
08:44:03.147 [main] DEBUG com.github.dockerjava.zerodep.shaded.org.apache.hc.client5.http.wire -- http-outgoing-0 >> "content-type: application/json[\r][\n]"
08:44:03.147 [main] DEBUG com.github.dockerjava.zerodep.shaded.org.apache.hc.client5.http.wire -- http-outgoing-0 >> "x-tc-sid: e55372a0-92c5-4bbe-9a39-66bcbdc7a018[\r][\n]"
08:44:03.147 [main] DEBUG com.github.dockerjava.zerodep.shaded.org.apache.hc.client5.http.wire -- http-outgoing-0 >> "User-Agent: tc-java/1.19.3[\r][\n]"
08:44:03.147 [main] DEBUG com.github.dockerjava.zerodep.shaded.org.apache.hc.client5.http.wire -- http-outgoing-0 >> "Accept-Encoding: gzip, x-gzip, deflate[\r][\n]"
08:44:03.147 [main] DEBUG com.github.dockerjava.zerodep.shaded.org.apache.hc.client5.http.wire -- http-outgoing-0 >> "Host: localhost:2375[\r][\n]"
08:44:03.147 [main] DEBUG com.github.dockerjava.zerodep.shaded.org.apache.hc.client5.http.wire -- http-outgoing-0 >> "Connection: keep-alive[\r][\n]"
08:44:03.147 [main] DEBUG com.github.dockerjava.zerodep.shaded.org.apache.hc.client5.http.wire -- http-outgoing-0 >> "[\r][\n]"
[...]
08:44:10.116 [main] DEBUG com.github.dockerjava.zerodep.shaded.org.apache.hc.client5.http.wire -- http-outgoing-3 >> "x-tc-sid: e55372a0-92c5-4bbe-9a39-66bcbdc7a018[\r][\n]"
08:44:10.116 [main] DEBUG com.github.dockerjava.zerodep.shaded.org.apache.hc.client5.http.wire -- http-outgoing-3 >> "User-Agent: tc-java/1.19.3[\r][\n]"
08:44:10.116 [main] DEBUG com.github.dockerjava.zerodep.shaded.org.apache.hc.client5.http.wire -- http-outgoing-3 >> "Accept-Encoding: gzip, x-gzip, deflate[\r][\n]"
08:44:10.116 [main] DEBUG com.github.dockerjava.zerodep.shaded.org.apache.hc.client5.http.wire -- http-outgoing-3 >> "Host: localhost:2375[\r][\n]"
08:44:10.116 [main] DEBUG com.github.dockerjava.zerodep.shaded.org.apache.hc.client5.http.wire -- http-outgoing-3 >> "Connection: keep-alive[\r][\n]"
08:44:10.116 [main] DEBUG com.github.dockerjava.zerodep.shaded.org.apache.hc.client5.http.wire -- http-outgoing-3 >> "[\r][\n]"
08:44:10.119 [main] DEBUG com.github.dockerjava.zerodep.shaded.org.apache.hc.client5.http.wire -- http-outgoing-3 << "HTTP/1.1 200 OK[\r][\n]"
08:44:10.119 [main] DEBUG com.github.dockerjava.zerodep.shaded.org.apache.hc.client5.http.wire -- http-outgoing-3 << "Api-Version: 1.49[\r][\n]"
08:44:10.119 [main] DEBUG com.github.dockerjava.zerodep.shaded.org.apache.hc.client5.http.wire -- http-outgoing-3 << "Content-Type: application/json[\r][\n]"
08:44:10.119 [main] DEBUG com.github.dockerjava.zerodep.shaded.org.apache.hc.client5.http.wire -- http-outgoing-3 << "Date: Tue, 29 Jul 2025 12:44:09 GMT[\r][\n]"
08:44:10.119 [main] DEBUG com.github.dockerjava.zerodep.shaded.org.apache.hc.client5.http.wire -- http-outgoing-3 << "Docker-Experimental: false[\r][\n]"
08:44:10.119 [main] DEBUG com.github.dockerjava.zerodep.shaded.org.apache.hc.client5.http.wire -- http-outgoing-3 << "Ostype: linux[\r][\n]"
08:44:10.119 [main] DEBUG com.github.dockerjava.zerodep.shaded.org.apache.hc.client5.http.wire -- http-outgoing-3 << "Server: Docker/28.1.1 (linux)[\r][\n]"
08:44:10.119 [main] DEBUG com.github.dockerjava.zerodep.shaded.org.apache.hc.client5.http.wire -- http-outgoing-3 << "Transfer-Encoding: chunked[\r][\n]"
08:44:10.119 [main] DEBUG com.github.dockerjava.zerodep.shaded.org.apache.hc.client5.http.wire -- http-outgoing-3 << "[\r][\n]"
08:44:10.119 [main] DEBUG com.github.dockerjava.zerodep.shaded.org.apache.hc.client5.http.headers -- http-outgoing-3 << HTTP/1.1 200 OK
08:44:10.119 [main] DEBUG com.github.dockerjava.zerodep.shaded.org.apache.hc.client5.http.headers -- http-outgoing-3 << Api-Version: 1.49
08:44:10.119 [main] DEBUG com.github.dockerjava.zerodep.shaded.org.apache.hc.client5.http.headers -- http-outgoing-3 << Content-Type: application/json
08:44:10.119 [main] DEBUG com.github.dockerjava.zerodep.shaded.org.apache.hc.client5.http.headers -- http-outgoing-3 << Date: Tue, 29 Jul 2025 12:44:09 GMT
08:44:10.119 [main] DEBUG com.github.dockerjava.zerodep.shaded.org.apache.hc.client5.http.headers -- http-outgoing-3 << Docker-Experimental: false
08:44:10.119 [main] DEBUG com.github.dockerjava.zerodep.shaded.org.apache.hc.client5.http.headers -- http-outgoing-3 << Ostype: linux
08:44:10.119 [main] DEBUG com.github.dockerjava.zerodep.shaded.org.apache.hc.client5.http.headers -- http-outgoing-3 << Server: Docker/28.1.1 (linux)
08:44:10.119 [main] DEBUG com.github.dockerjava.zerodep.shaded.org.apache.hc.client5.http.headers -- http-outgoing-3 << Transfer-Encoding: chunked
08:44:10.120 [main] DEBUG com.github.dockerjava.zerodep.shaded.org.apache.hc.client5.http.impl.classic.MainClientExec -- ex-0000001D: connection can be kept alive for 3 MINUTES
08:44:10.120 [main] DEBUG com.github.dockerjava.zerodep.shaded.org.apache.hc.client5.http.wire -- http-outgoing-3 << "339[\r][\n]"
08:44:10.120 [main] DEBUG com.github.dockerjava.zerodep.shaded.org.apache.hc.client5.http.wire -- http-outgoing-3 << "{"Platform":{"Name":"Docker Desktop 4.41.2 (191736)"},"Components":[{"Name":"Engine","Version":"28.1.1","Details":{"ApiVersion":"1.49","Arch":"arm64","BuildTime":"2025-04-18T09:52:08.000000000+00:00","Experimental":"false","GitCommit":"01f442b","GoVersion":"go1.23.8","KernelVersion":"6.10.14-linuxkit","MinAPIVersion":"1.24","Os":"linux"}},{"Name":"containerd","Version":"1.7.27","Details":{"GitCommit":"05044ec0a9a75232cad458027ca83437aae3f4da"}},{"Name":"runc","Version":"1.2.5","Details":{"GitCommit":"v1.2.5-0-g59923ef"}},{"Name":"docker-init","Version":"0.19.0","Details":{"GitCommit":"de40ad0"}}],"Version":"28.1.1","ApiVersion":"1.49","MinAPIVersion":"1.24","GitCommit":"01f442b","GoVersion":"go1.23.8","Os":"linux","Arch":"arm64","KernelVersion":"6.10.14-linuxkit","BuildTime":"2025-04-18T09:52:08.000000000+00:00"}[\n]"
08:44:10.120 [main] DEBUG com.github.dockerjava.zerodep.shaded.org.apache.hc.client5.http.wire -- http-outgoing-3 << "[\r][\n]"
08:44:10.120 [main] DEBUG com.github.dockerjava.zerodep.shaded.org.apache.hc.client5.http.wire -- http-outgoing-3 << "0[\r][\n]"
08:44:10.120 [main] DEBUG com.github.dockerjava.zerodep.shaded.org.apache.hc.client5.http.wire -- http-outgoing-3 << "[\r][\n]"
08:44:10.120 [main] DEBUG com.github.dockerjava.zerodep.shaded.org.apache.hc.client5.http.impl.classic.InternalHttpClient -- ep-0000001C: releasing valid endpoint
08:44:10.120 [main] DEBUG com.github.dockerjava.zerodep.shaded.org.apache.hc.client5.http.impl.io.PoolingHttpClientConnectionManager -- ep-0000001C: releasing endpoint
08:44:10.120 [main] DEBUG com.github.dockerjava.zerodep.shaded.org.apache.hc.client5.http.impl.io.PoolingHttpClientConnectionManager -- ep-0000001C: connection http-outgoing-3 can be kept alive for 3 MINUTES
08:44:10.120 [main] DEBUG com.github.dockerjava.zerodep.shaded.org.apache.hc.client5.http.impl.io.PoolingHttpClientConnectionManager -- ep-0000001C: connection released [route: {}->unix://localhost:2375][total available: 1; route allocated: 1 of 2147483647; total allocated: 1 of 2147483647]
08:44:10.120 [main] INFO org.testcontainers.containers.wait.strategy.HttpWaitStrategy -- /hopeful_perlman: Waiting for 30 seconds for URL: http://localhost:52200/__admin (where port 52200 maps to container port 8080)
08:44:11.052 [main] INFO tc.wiremock/wiremock:2.35.0 -- Container wiremock/wiremock:2.35.0 started in PT1.099897S
08:44:11.066 [main] INFO io.confluent.connect.http.integration.ODataCursorPaginationTest -- Setting up OData cursor pagination test
08:44:11.068 [main] INFO io.confluent.connect.http.integration.ODataCursorPaginationTest -- Setting up mock OData API responses
08:44:11.072 [main] INFO io.confluent.connect.http.integration.ODataCursorPaginationTest -- Setting up WireMock stub for path: /accounts at URL: http://localhost:52200/__admin/mappings
08:44:11.240 [main] INFO io.confluent.connect.http.integration.ODataCursorPaginationTest -- Successfully setup WireMock stub for path: /accounts
08:44:11.240 [main] INFO io.confluent.connect.http.integration.ODataCursorPaginationTest -- Mock OData responses configured
08:44:11.240 [main] INFO io.confluent.connect.http.integration.ODataCursorPaginationTest -- Created OData connector config with mock server URL: http://localhost:52200
08:44:11.240 [main] INFO io.confluent.connect.http.integration.ODataCursorPaginationTest -- OData test setup completed
08:44:11.241 [main] INFO io.confluent.connect.http.integration.ODataCursorPaginationTest -- Testing OData cursor pagination with ${offset} template variable
08:44:11.241 [main] INFO io.confluent.connect.http.HttpSourceConnector -- Starting Enhanced HttpSourceConnector v2.0.0-enterprise with 18 properties
08:44:11.243 [main] DEBUG io.confluent.connect.http.config.EnhancedConfigValidator -- Loaded 6 configuration schemas
08:44:11.243 [main] INFO io.confluent.connect.http.config.EnhancedConfigValidator -- Enhanced configuration validator initialized: realTime=true, schemas=6, rules=3
08:44:11.250 [main] DEBUG io.confluent.connect.http.config.EnhancedConfigValidator -- Configuration validation completed: valid=true, errors=0, warnings=0
08:44:11.256 [main] INFO io.confluent.connect.http.config.HttpSourceConnectorConfig -- HttpSourceConnectorConfig values: 
	adaptive.polling.enabled = true
	api.chaining.parent.child.relationship = 
	api.key.location = HEADER
	api.key.name = X-API-KEY
	api.key.value = null
	apis.num = 1
	auth.type = NONE
	bearer.token = null
	behavior.on.error = FAIL
	circuit.breaker.failure.threshold = 5
	circuit.breaker.recovery.time.ms = 30000
	circuit.breaker.timeout.ms = 60000
	connection.password = null
	connection.user = null
	debug.log.request.body = false
	debug.log.request.headers = true
	debug.log.response.body = true
	debug.log.response.headers = false
	debug.logging.enabled = true
	field.encryption.enabled = false
	field.encryption.key = null
	field.encryption.rules = 
	http.api.base.url = http://localhost:52200/api/data/v9.2
	http.proxy.host = null
	http.proxy.password = null
	http.proxy.port = null
	http.proxy.user = null
	https.ssl.enabled = false
	https.ssl.protocol = TLSv1.3
	max.cache.size = 1000
	oauth2.client.auth.mode = HEADER
	oauth2.client.id = null
	oauth2.client.scope = any
	oauth2.client.secret = null
	oauth2.token.property = access_token
	oauth2.token.refresh.interval.minutes = 30
	oauth2.token.url = null
	output.data.format = JSON_SR
	report.errors.as = Error string
	reporter.error.topic.name = error-${connector}
	response.cache.ttl.ms = 300000
	response.caching.enabled = true
	schema.context.name = default
	tasks.max = 1
	value.subject.name.strategy = TopicNameStrategy

08:44:11.256 [main] DEBUG io.confluent.connect.http.config.HttpSourceConnectorConfig -- Validating HttpSourceConnectorConfig
08:44:11.256 [main] DEBUG io.confluent.connect.http.config.HttpSourceConnectorConfig -- HttpSourceConnectorConfig validation completed
08:44:11.258 [main] INFO io.confluent.connect.http.operational.OperationalFeaturesManager -- Operational features manager initialized: monitoring=true, alerting=true, circuitBreaker=true
08:44:11.258 [main] INFO io.confluent.connect.http.operational.OperationalFeaturesManager -- Operational features started successfully
08:44:11.258 [main] INFO io.confluent.connect.http.HttpSourceConnector -- Operational features initialized and started
08:44:11.258 [main] DEBUG io.confluent.connect.http.HttpSourceConnector -- Configuration validation passed
08:44:11.259 [main] INFO io.confluent.connect.http.HttpSourceConnector -- Enhanced HttpSourceConnector started successfully with enterprise features
08:44:11.259 [main] INFO io.confluent.connect.http.HttpSourceConnector -- Base URL: http://localhost:52200/api/data/v9.2
08:44:11.259 [main] INFO io.confluent.connect.http.HttpSourceConnector -- Authentication Type: NONE
08:44:11.259 [main] INFO io.confluent.connect.http.HttpSourceConnector -- Number of APIs configured: 1
08:44:11.259 [main] INFO io.confluent.connect.http.HttpSourceConnector -- Enterprise features: operational=true, validation=true
08:44:11.259 [main] INFO io.confluent.connect.http.HttpSourceTask -- Starting HttpSourceTask
08:44:11.259 [main] INFO io.confluent.connect.http.config.HttpSourceConnectorConfig -- HttpSourceConnectorConfig values: 
	adaptive.polling.enabled = true
	api.chaining.parent.child.relationship = 
	api.key.location = HEADER
	api.key.name = X-API-KEY
	api.key.value = null
	apis.num = 1
	auth.type = NONE
	bearer.token = null
	behavior.on.error = FAIL
	circuit.breaker.failure.threshold = 5
	circuit.breaker.recovery.time.ms = 30000
	circuit.breaker.timeout.ms = 60000
	connection.password = null
	connection.user = null
	debug.log.request.body = false
	debug.log.request.headers = true
	debug.log.response.body = true
	debug.log.response.headers = false
	debug.logging.enabled = true
	field.encryption.enabled = false
	field.encryption.key = null
	field.encryption.rules = 
	http.api.base.url = http://localhost:52200/api/data/v9.2
	http.proxy.host = null
	http.proxy.password = null
	http.proxy.port = null
	http.proxy.user = null
	https.ssl.enabled = false
	https.ssl.protocol = TLSv1.3
	max.cache.size = 1000
	oauth2.client.auth.mode = HEADER
	oauth2.client.id = null
	oauth2.client.scope = any
	oauth2.client.secret = null
	oauth2.token.property = access_token
	oauth2.token.refresh.interval.minutes = 30
	oauth2.token.url = null
	output.data.format = JSON_SR
	report.errors.as = Error string
	reporter.error.topic.name = error-${connector}
	response.cache.ttl.ms = 300000
	response.caching.enabled = true
	schema.context.name = default
	tasks.max = 1
	value.subject.name.strategy = TopicNameStrategy

08:44:11.259 [main] DEBUG io.confluent.connect.http.config.HttpSourceConnectorConfig -- Validating HttpSourceConnectorConfig
08:44:11.259 [main] DEBUG io.confluent.connect.http.config.HttpSourceConnectorConfig -- HttpSourceConnectorConfig validation completed
08:44:11.260 [main] INFO io.confluent.connect.http.auth.HttpAuthenticatorFactory -- Creating authenticator for auth type: NONE
08:44:11.260 [main] DEBUG io.confluent.connect.http.auth.NoAuthenticator -- Initialized NoAuthenticator
08:44:11.260 [main] INFO io.confluent.connect.http.chaining.ApiChainingManager -- Initialized API chaining with 0 parent-child relationships
08:44:11.261 [main] INFO io.confluent.connect.http.encryption.FieldEncryptionManager -- Field-level encryption disabled
08:44:11.261 [main] INFO io.confluent.connect.http.debug.DebugLogger -- Debug logging enabled - Request Headers: true, Request Body: false, Response Headers: false, Response Body: true
08:44:11.261 [main] DEBUG io.confluent.connect.http.error.ErrorHandler -- Initialized ErrorHandler with behavior: FAIL
08:44:11.261 [main] WARN io.confluent.connect.http.HttpSourceTask -- No task.api.indices specified, task will handle all APIs
08:44:11.262 [main] DEBUG io.confluent.connect.http.config.ApiConfig -- Validating configuration for API: api1
08:44:11.262 [main] DEBUG io.confluent.connect.http.config.ApiConfig -- Configuration validation completed for API: api1
08:44:11.262 [main] INFO io.confluent.connect.http.HttpSourceTask -- Task will handle 1 API configurations
08:44:11.305 [main] DEBUG io.confluent.connect.http.client.RetryHandler -- Initialized RetryHandler for API: api1 with max retries: 5 and backoff policy: EXPONENTIAL_WITH_JITTER
08:44:11.305 [main] DEBUG io.confluent.connect.http.client.HttpApiClient -- Initialized HttpApiClient for API: api1
08:44:11.305 [main] INFO io.confluent.connect.http.offset.OffsetManagerFactory -- Creating offset manager for API api1 with mode: CURSOR_PAGINATION
08:44:11.306 [main] DEBUG io.confluent.connect.http.offset.CursorPaginationOffsetManager -- Using initial cursor for API api1: ?$select=name,accountnumber,telephone1,fax&$filter=modifiedon ge '2025-01-01'
08:44:11.306 [main] DEBUG io.confluent.connect.http.offset.CursorPaginationOffsetManager -- Initialized CursorPaginationOffsetManager for API: api1 with initial cursor: ?$select=name,accountnumber,telephone1,fax&$filter=modifiedon ge '2025-01-01' and current cursor: ?$select=name,accountnumber,telephone1,fax&$filter=modifiedon ge '2025-01-01'
08:44:11.306 [main] DEBUG io.confluent.connect.http.converter.JsonRecordConverter -- Initialized JsonRecordConverter with output format: JSON_SR
08:44:11.306 [main] DEBUG io.confluent.connect.http.HttpSourceTask -- Initialized components for API: api1
08:44:11.306 [main] INFO io.confluent.connect.http.chaining.ApiChainingManager -- API chaining configuration validation completed successfully
08:44:11.306 [main] INFO io.confluent.connect.http.HttpSourceTask -- HttpSourceTask started successfully with 1 APIs
08:44:11.306 [main] DEBUG io.confluent.connect.http.HttpSourceTask -- Polling API: api1
08:44:11.307 [main] DEBUG io.confluent.connect.http.debug.DebugLogger -- 
=== HTTP REQUEST DEBUG ===
Method: GET
URL: http://localhost:52200/api/data/v9.2/accounts${offset}
=== END REQUEST DEBUG ===
08:44:11.307 [main] DEBUG io.confluent.connect.http.client.HttpApiClient -- Making request to API: api1 with offset: ?$select=name,accountnumber,telephone1,fax&$filter=modifiedon ge '2025-01-01'
08:44:11.307 [main] DEBUG io.confluent.connect.http.util.TemplateVariableReplacer -- Template replacement completed: http://localhost:52200/api/data/v9.2/accounts${offset} -> http://localhost:52200/api/data/v9.2/accounts?$select=name,accountnumber,telephone1,fax&$filter=modifiedon ge '2025-01-01'
08:44:11.307 [main] DEBUG io.confluent.connect.http.client.HttpApiClient -- Template replacement: http://localhost:52200/api/data/v9.2/accounts${offset} -> http://localhost:52200/api/data/v9.2/accounts?$select=name,accountnumber,telephone1,fax&$filter=modifiedon ge '2025-01-01'
08:44:11.307 [main] DEBUG io.confluent.connect.http.client.HttpApiClient -- Template variables: {offset=?$select=name,accountnumber,telephone1,fax&$filter=modifiedon ge '2025-01-01'}
08:44:11.337 [main] DEBUG io.confluent.connect.http.client.HttpApiClient -- HTTP request completed in 18ms: GET http://localhost:52200/api/data/v9.2/accounts?$select=name,accountnumber,telephone1,fax&$filter=modifiedon%20ge%20%272025-01-01%27 -> 200
08:44:11.337 [main] DEBUG io.confluent.connect.http.debug.DebugLogger -- 
=== HTTP RESPONSE DEBUG ===
Status Code: 200
Response Time: 30ms
Body:
{
    "@odata.context": "https://mock-api.example.com/api/data/v9.2/$metadata#accounts(name,accountnumber,telephone1,fax)",
    "value": [
        {
            "@odata.etag": "W/\"12345\"",
            "name": "Test Company 1",
            "accountnumber": "ACC001",
            "telephone1": "(555) 123-4567",
            "fax": null,
            "accountid": "11111111-1111-1111-1111-111111111111"
        },
        {
            "@odata.etag": "W/\"12346\"",
            "name": "Test Company 2",
            "accountnumber": "ACC002",
            "telephone1": "(555) 234-5678",
            "fax": "(555) 234-5679",
            "accountid": "22222222-2222-2222-2222-222222222222"
        }
    ],
    "@odata.nextLink": "https://mock-api.example.com/api/data/v9.2/accounts?$select=name,accountnumber,telephone1,fax&$skiptoken=page2token"
}

=== END RESPONSE DEBUG ===
08:44:11.342 [main] DEBUG io.confluent.connect.http.offset.CursorPaginationOffsetManager -- Received null or empty cursor for API api1, this might indicate end of pagination
08:44:11.342 [main] DEBUG io.confluent.connect.http.offset.CursorPaginationOffsetManager -- Received null or empty cursor for API api1, this might indicate end of pagination
08:44:11.342 [main] DEBUG io.confluent.connect.http.HttpSourceTask -- Converted 2 records from API: api1
08:44:11.342 [main] DEBUG io.confluent.connect.http.HttpSourceTask -- Returning 2 records from 1 APIs
08:44:11.350 [main] INFO io.confluent.connect.http.HttpSourceTask -- Stopping HttpSourceTask
08:44:11.350 [main] DEBUG io.confluent.connect.http.client.HttpApiClient -- Closing HttpApiClient for API: api1
08:44:11.350 [main] DEBUG io.confluent.connect.http.client.HttpApiClient -- HttpApiClient closed for API: api1
08:44:11.350 [main] DEBUG io.confluent.connect.http.auth.NoAuthenticator -- NoAuthenticator closed
08:44:11.350 [main] INFO io.confluent.connect.http.HttpSourceTask -- HttpSourceTask stopped successfully
08:44:11.350 [main] INFO io.confluent.connect.http.integration.ODataCursorPaginationTest -- OData cursor pagination test completed successfully
08:44:11.351 [main] INFO io.confluent.connect.http.HttpSourceConnector -- Stopping Enhanced HttpSourceConnector
08:44:11.351 [main] INFO io.confluent.connect.http.operational.OperationalFeaturesManager -- Operational features stopped
08:44:11.351 [main] INFO io.confluent.connect.http.HttpSourceConnector -- Operational features stopped
08:44:11.351 [main] INFO io.confluent.connect.http.HttpSourceConnector -- Enhanced HttpSourceConnector stopped successfully
08:44:11.351 [main] INFO io.confluent.connect.http.integration.ODataCursorPaginationTest -- OData test cleanup completed
]]></system-out>
  </testcase>
</testsuite>